<?xml version="1.0" encoding="UTF-8"?>
<!-- Generated by org.testng.reporters.JUnitReportReporter -->
<testsuite skipped="1" hostname="INLTP-SHILPIM" name="testScriptsSmoke.TS_002_ValidateIngestion" tests="2" failures="0" timestamp="13 Apr 2020 16:21:14 GMT" time="22.121" errors="1">
  <testcase name="AddIngestion" time="22.120" classname="testScriptsSmoke.TS_002_ValidateIngestion">
    <error type="java.lang.RuntimeException" message="couldnt create chrome driver">
      <![CDATA[java.lang.RuntimeException: couldnt create chrome driver
	at automationLibrary.Driver.chromeDriver(Driver.java:266)
	at automationLibrary.Driver.createDriver(Driver.java:224)
	at automationLibrary.Driver.<init>(Driver.java:38)
	at testScriptsSmoke.Input.projectCreationAndUserAssignment(Input.java:218)
	at testScriptsSmoke.Input.loadEnvConfig(Input.java:205)
	at testScriptsSmoke.TS_002_ValidateIngestion.AddIngestion(TS_002_ValidateIngestion.java:25)
	at sun.reflect.NativeMethodAccessorImpl.invoke0(Native Method)
	at sun.reflect.NativeMethodAccessorImpl.invoke(NativeMethodAccessorImpl.java:62)
	at sun.reflect.DelegatingMethodAccessorImpl.invoke(DelegatingMethodAccessorImpl.java:43)
	at java.lang.reflect.Method.invoke(Method.java:498)
	at org.testng.internal.MethodInvocationHelper.invokeMethod(MethodInvocationHelper.java:108)
	at org.testng.internal.Invoker.invokeConfigurationMethod(Invoker.java:523)
	at org.testng.internal.Invoker.invokeConfigurations(Invoker.java:224)
	at org.testng.internal.Invoker.invokeConfigurations(Invoker.java:146)
	at org.testng.SuiteRunner.privateRun(SuiteRunner.java:326)
	at org.testng.SuiteRunner.run(SuiteRunner.java:289)
	at org.testng.SuiteRunnerWorker.runSuite(SuiteRunnerWorker.java:52)
	at org.testng.SuiteRunnerWorker.run(SuiteRunnerWorker.java:86)
	at org.testng.TestNG.runSuitesSequentially(TestNG.java:1301)
	at org.testng.TestNG.runSuitesLocally(TestNG.java:1226)
	at org.testng.TestNG.runSuites(TestNG.java:1144)
	at org.testng.TestNG.run(TestNG.java:1115)
	at org.testng.remote.AbstractRemoteTestNG.run(AbstractRemoteTestNG.java:115)
	at org.testng.remote.RemoteTestNG.initAndRun(RemoteTestNG.java:251)
	at org.testng.remote.RemoteTestNG.main(RemoteTestNG.java:77)
]]>
    </error>
  </testcase> <!-- AddIngestion -->
  <testcase name="MetadataOverlayIngestion" time="0.001" classname="testScriptsSmoke.TS_002_ValidateIngestion">
    <skipped/>
  </testcase> <!-- MetadataOverlayIngestion -->
</testsuite> <!-- testScriptsSmoke.TS_002_ValidateIngestion -->
