<?xml version="1.0" encoding="UTF-8"?>
<!-- Generated by org.testng.reporters.JUnitReportReporter -->
<testsuite hostname="MTP-HZ-NP-SQA17" failures="0" tests="48" name="testScriptsRegression.Assignment_Regression" time="135.923" errors="2" timestamp="12 Aug 2021 16:43:36 GMT" skipped="46">
  <testcase classname="testScriptsRegression.Assignment_Regression" name="close" time="46.135">
    <error message="no such element: Unable to locate element: {&quot;method&quot;:&quot;xpath&quot;,&quot;selector&quot;:&quot;//*[@id=&#039;user-selector&#039;]&quot;}
  (Session info: chrome=92.0.4515.107)
  (Driver info: chromedriver=2.36.540470 (e522d04694c7ebea4ba8821272dbef4f9b818c91),platform=Windows NT 10.0.19042 x86_64) (WARNING: The server did not provide any stacktrace information)
Command duration or timeout: 8 milliseconds
For documentation on this error, please visit: http://seleniumhq.org/exceptions/no_such_element.html
Build info: version: &#039;3.4.0&#039;, revision: &#039;unknown&#039;, time: &#039;unknown&#039;
System info: host: &#039;MTP-HZ-NP-SQA17&#039;, ip: &#039;10.12.118.243&#039;, os.name: &#039;Windows 10&#039;, os.arch: &#039;amd64&#039;, os.version: &#039;10.0&#039;, java.version: &#039;15.0.2&#039;
Driver info: org.openqa.selenium.chrome.ChromeDriver
Capabilities [{applicationCacheEnabled=false, rotatable=false, mobileEmulationEnabled=false, networkConnectionEnabled=false, chrome={chromedriverVersion=2.36.540470 (e522d04694c7ebea4ba8821272dbef4f9b818c91), userDataDir=C:\Users\LOCAL_~1.MJ\Temp\scoped_dir24644_5581}, takesHeapSnapshot=true, pageLoadStrategy=normal, databaseEnabled=false, handlesAlerts=true, hasTouchScreen=false, version=92.0.4515.107, platform=XP, browserConnectionEnabled=false, nativeEvents=true, acceptSslCerts=false, acceptInsecureCerts=false, locationContextEnabled=true, webStorageEnabled=true, browserName=chrome, takesScreenshot=true, javascriptEnabled=true, cssSelectorsEnabled=true, setWindowRect=true, unexpectedAlertBehaviour=}]
Session ID: ccf1dbb3d8c185bbdc4ae4ade90ea2fd
*** Element info: {Using=xpath, value=//*[@id=&#039;user-selector&#039;]}" type="org.openqa.selenium.NoSuchElementException">
      <![CDATA[org.openqa.selenium.NoSuchElementException: no such element: Unable to locate element: {"method":"xpath","selector":"//*[@id='user-selector']"}
  (Session info: chrome=92.0.4515.107)
  (Driver info: chromedriver=2.36.540470 (e522d04694c7ebea4ba8821272dbef4f9b818c91),platform=Windows NT 10.0.19042 x86_64) (WARNING: The server did not provide any stacktrace information)
Command duration or timeout: 8 milliseconds
For documentation on this error, please visit: http://seleniumhq.org/exceptions/no_such_element.html
Build info: version: '3.4.0', revision: 'unknown', time: 'unknown'
System info: host: 'MTP-HZ-NP-SQA17', ip: '10.12.118.243', os.name: 'Windows 10', os.arch: 'amd64', os.version: '10.0', java.version: '15.0.2'
Driver info: org.openqa.selenium.chrome.ChromeDriver
Capabilities [{applicationCacheEnabled=false, rotatable=false, mobileEmulationEnabled=false, networkConnectionEnabled=false, chrome={chromedriverVersion=2.36.540470 (e522d04694c7ebea4ba8821272dbef4f9b818c91), userDataDir=C:\Users\LOCAL_~1.MJ\Temp\scoped_dir24644_5581}, takesHeapSnapshot=true, pageLoadStrategy=normal, databaseEnabled=false, handlesAlerts=true, hasTouchScreen=false, version=92.0.4515.107, platform=XP, browserConnectionEnabled=false, nativeEvents=true, acceptSslCerts=false, acceptInsecureCerts=false, locationContextEnabled=true, webStorageEnabled=true, browserName=chrome, takesScreenshot=true, javascriptEnabled=true, cssSelectorsEnabled=true, setWindowRect=true, unexpectedAlertBehaviour=}]
Session ID: ccf1dbb3d8c185bbdc4ae4ade90ea2fd
*** Element info: {Using=xpath, value=//*[@id='user-selector']}
at jdk.internal.reflect.GeneratedConstructorAccessor18.newInstance(Unknown Source)
at java.base/jdk.internal.reflect.DelegatingConstructorAccessorImpl.newInstance(DelegatingConstructorAccessorImpl.java:45)
at java.base/java.lang.reflect.Constructor.newInstanceWithCaller(Constructor.java:500)
at java.base/java.lang.reflect.Constructor.newInstance(Constructor.java:481)
at org.openqa.selenium.remote.ErrorHandler.createThrowable(ErrorHandler.java:215)
at org.openqa.selenium.remote.ErrorHandler.throwIfResponseFailed(ErrorHandler.java:167)
at org.openqa.selenium.remote.RemoteWebDriver.execute(RemoteWebDriver.java:671)
at org.openqa.selenium.remote.RemoteWebDriver.findElement(RemoteWebDriver.java:410)
at org.openqa.selenium.remote.RemoteWebDriver.findElementByXPath(RemoteWebDriver.java:509)
at org.openqa.selenium.By$ByXPath.findElement(By.java:361)
at org.openqa.selenium.remote.RemoteWebDriver.findElement(RemoteWebDriver.java:402)
at automationLibrary.Element.AssertExists(Element.java:506)
at automationLibrary.Element.waitAndClick(Element.java:256)
at pageFactory.LoginPage.logout(LoginPage.java:214)
at testScriptsRegression.Assignment_Regression.close(Assignment_Regression.java:563)
at java.base/jdk.internal.reflect.NativeMethodAccessorImpl.invoke0(Native Method)
at java.base/jdk.internal.reflect.NativeMethodAccessorImpl.invoke(NativeMethodAccessorImpl.java:64)
at java.base/jdk.internal.reflect.DelegatingMethodAccessorImpl.invoke(DelegatingMethodAccessorImpl.java:43)
at java.base/java.lang.reflect.Method.invoke(Method.java:564)
at org.testng.internal.MethodInvocationHelper.invokeMethod(MethodInvocationHelper.java:124)
at org.testng.internal.MethodInvocationHelper.invokeMethodConsideringTimeout(MethodInvocationHelper.java:59)
at org.testng.internal.Invoker.invokeConfigurationMethod(Invoker.java:458)
at org.testng.internal.Invoker.invokeConfigurations(Invoker.java:222)
at org.testng.internal.Invoker.invokeConfigurations(Invoker.java:142)
at org.testng.internal.TestMethodWorker.invokeAfterClassMethods(TestMethodWorker.java:214)
at org.testng.internal.TestMethodWorker.run(TestMethodWorker.java:111)
at org.testng.TestRunner.privateRun(TestRunner.java:648)
at org.testng.TestRunner.run(TestRunner.java:505)
at org.testng.SuiteRunner.runTest(SuiteRunner.java:455)
at org.testng.SuiteRunner.runSequentially(SuiteRunner.java:450)
at org.testng.SuiteRunner.privateRun(SuiteRunner.java:415)
at org.testng.SuiteRunner.run(SuiteRunner.java:364)
at org.testng.SuiteRunnerWorker.runSuite(SuiteRunnerWorker.java:52)
at org.testng.SuiteRunnerWorker.run(SuiteRunnerWorker.java:84)
at org.testng.TestNG.runSuitesSequentially(TestNG.java:1208)
at org.testng.TestNG.runSuitesLocally(TestNG.java:1137)
at org.testng.TestNG.runSuites(TestNG.java:1049)
at org.testng.TestNG.run(TestNG.java:1017)
at org.testng.remote.AbstractRemoteTestNG.run(AbstractRemoteTestNG.java:115)
at org.testng.remote.RemoteTestNG.initAndRun(RemoteTestNG.java:251)
at org.testng.remote.RemoteTestNG.main(RemoteTestNG.java:77)
]]>
    </error>
  </testcase> <!-- close -->
  <testcase classname="testScriptsRegression.Assignment_Regression" name="preCondition" time="89.783">
    <error message="no such element: Unable to locate element: {&quot;method&quot;:&quot;xpath&quot;,&quot;selector&quot;:&quot;//*[@id=&#039;content&#039;]//button[@class=&#039;btn btn-primary new-coding-form&#039;]&quot;}
  (Session info: chrome=92.0.4515.107)
  (Driver info: chromedriver=2.36.540470 (e522d04694c7ebea4ba8821272dbef4f9b818c91),platform=Windows NT 10.0.19042 x86_64) (WARNING: The server did not provide any stacktrace information)
Command duration or timeout: 8 milliseconds
For documentation on this error, please visit: http://seleniumhq.org/exceptions/no_such_element.html
Build info: version: &#039;3.4.0&#039;, revision: &#039;unknown&#039;, time: &#039;unknown&#039;
System info: host: &#039;MTP-HZ-NP-SQA17&#039;, ip: &#039;10.12.118.243&#039;, os.name: &#039;Windows 10&#039;, os.arch: &#039;amd64&#039;, os.version: &#039;10.0&#039;, java.version: &#039;15.0.2&#039;
Driver info: org.openqa.selenium.chrome.ChromeDriver
Capabilities [{applicationCacheEnabled=false, rotatable=false, mobileEmulationEnabled=false, networkConnectionEnabled=false, chrome={chromedriverVersion=2.36.540470 (e522d04694c7ebea4ba8821272dbef4f9b818c91), userDataDir=C:\Users\LOCAL_~1.MJ\Temp\scoped_dir24644_5581}, takesHeapSnapshot=true, pageLoadStrategy=normal, databaseEnabled=false, handlesAlerts=true, hasTouchScreen=false, version=92.0.4515.107, platform=XP, browserConnectionEnabled=false, nativeEvents=true, acceptSslCerts=false, acceptInsecureCerts=false, locationContextEnabled=true, webStorageEnabled=true, browserName=chrome, takesScreenshot=true, javascriptEnabled=true, cssSelectorsEnabled=true, setWindowRect=true, unexpectedAlertBehaviour=}]
Session ID: ccf1dbb3d8c185bbdc4ae4ade90ea2fd
*** Element info: {Using=xpath, value=//*[@id=&#039;content&#039;]//button[@class=&#039;btn btn-primary new-coding-form&#039;]}" type="org.openqa.selenium.NoSuchElementException">
      <![CDATA[org.openqa.selenium.NoSuchElementException: no such element: Unable to locate element: {"method":"xpath","selector":"//*[@id='content']//button[@class='btn btn-primary new-coding-form']"}
  (Session info: chrome=92.0.4515.107)
  (Driver info: chromedriver=2.36.540470 (e522d04694c7ebea4ba8821272dbef4f9b818c91),platform=Windows NT 10.0.19042 x86_64) (WARNING: The server did not provide any stacktrace information)
Command duration or timeout: 8 milliseconds
For documentation on this error, please visit: http://seleniumhq.org/exceptions/no_such_element.html
Build info: version: '3.4.0', revision: 'unknown', time: 'unknown'
System info: host: 'MTP-HZ-NP-SQA17', ip: '10.12.118.243', os.name: 'Windows 10', os.arch: 'amd64', os.version: '10.0', java.version: '15.0.2'
Driver info: org.openqa.selenium.chrome.ChromeDriver
Capabilities [{applicationCacheEnabled=false, rotatable=false, mobileEmulationEnabled=false, networkConnectionEnabled=false, chrome={chromedriverVersion=2.36.540470 (e522d04694c7ebea4ba8821272dbef4f9b818c91), userDataDir=C:\Users\LOCAL_~1.MJ\Temp\scoped_dir24644_5581}, takesHeapSnapshot=true, pageLoadStrategy=normal, databaseEnabled=false, handlesAlerts=true, hasTouchScreen=false, version=92.0.4515.107, platform=XP, browserConnectionEnabled=false, nativeEvents=true, acceptSslCerts=false, acceptInsecureCerts=false, locationContextEnabled=true, webStorageEnabled=true, browserName=chrome, takesScreenshot=true, javascriptEnabled=true, cssSelectorsEnabled=true, setWindowRect=true, unexpectedAlertBehaviour=}]
Session ID: ccf1dbb3d8c185bbdc4ae4ade90ea2fd
*** Element info: {Using=xpath, value=//*[@id='content']//button[@class='btn btn-primary new-coding-form']}
at jdk.internal.reflect.GeneratedConstructorAccessor18.newInstance(Unknown Source)
at java.base/jdk.internal.reflect.DelegatingConstructorAccessorImpl.newInstance(DelegatingConstructorAccessorImpl.java:45)
at java.base/java.lang.reflect.Constructor.newInstanceWithCaller(Constructor.java:500)
at java.base/java.lang.reflect.Constructor.newInstance(Constructor.java:481)
at org.openqa.selenium.remote.ErrorHandler.createThrowable(ErrorHandler.java:215)
at org.openqa.selenium.remote.ErrorHandler.throwIfResponseFailed(ErrorHandler.java:167)
at org.openqa.selenium.remote.RemoteWebDriver.execute(RemoteWebDriver.java:671)
at org.openqa.selenium.remote.RemoteWebDriver.findElement(RemoteWebDriver.java:410)
at org.openqa.selenium.remote.RemoteWebDriver.findElementByXPath(RemoteWebDriver.java:509)
at org.openqa.selenium.By$ByXPath.findElement(By.java:361)
at org.openqa.selenium.remote.RemoteWebDriver.findElement(RemoteWebDriver.java:402)
at automationLibrary.Element.AssertExists(Element.java:506)
at automationLibrary.Element.waitAndClick(Element.java:256)
at pageFactory.CodingForm.createCodingform(CodingForm.java:364)
at testScriptsRegression.Assignment_Regression.preCondition(Assignment_Regression.java:93)
at java.base/jdk.internal.reflect.NativeMethodAccessorImpl.invoke0(Native Method)
at java.base/jdk.internal.reflect.NativeMethodAccessorImpl.invoke(NativeMethodAccessorImpl.java:64)
at java.base/jdk.internal.reflect.DelegatingMethodAccessorImpl.invoke(DelegatingMethodAccessorImpl.java:43)
at java.base/java.lang.reflect.Method.invoke(Method.java:564)
at org.testng.internal.MethodInvocationHelper.invokeMethod(MethodInvocationHelper.java:124)
at org.testng.internal.MethodInvocationHelper.invokeMethodConsideringTimeout(MethodInvocationHelper.java:59)
at org.testng.internal.Invoker.invokeConfigurationMethod(Invoker.java:458)
at org.testng.internal.Invoker.invokeConfigurations(Invoker.java:222)
at org.testng.internal.Invoker.invokeConfigurations(Invoker.java:142)
at org.testng.internal.TestMethodWorker.invokeBeforeClassMethods(TestMethodWorker.java:168)
at org.testng.internal.TestMethodWorker.run(TestMethodWorker.java:105)
at org.testng.TestRunner.privateRun(TestRunner.java:648)
at org.testng.TestRunner.run(TestRunner.java:505)
at org.testng.SuiteRunner.runTest(SuiteRunner.java:455)
at org.testng.SuiteRunner.runSequentially(SuiteRunner.java:450)
at org.testng.SuiteRunner.privateRun(SuiteRunner.java:415)
at org.testng.SuiteRunner.run(SuiteRunner.java:364)
at org.testng.SuiteRunnerWorker.runSuite(SuiteRunnerWorker.java:52)
at org.testng.SuiteRunnerWorker.run(SuiteRunnerWorker.java:84)
at org.testng.TestNG.runSuitesSequentially(TestNG.java:1208)
at org.testng.TestNG.runSuitesLocally(TestNG.java:1137)
at org.testng.TestNG.runSuites(TestNG.java:1049)
at org.testng.TestNG.run(TestNG.java:1017)
at org.testng.remote.AbstractRemoteTestNG.run(AbstractRemoteTestNG.java:115)
at org.testng.remote.RemoteTestNG.initAndRun(RemoteTestNG.java:251)
at org.testng.remote.RemoteTestNG.main(RemoteTestNG.java:77)
]]>
    </error>
  </testcase> <!-- preCondition -->
  <testcase classname="testScriptsRegression.Assignment_Regression" name="AssgnManageRev_ViewInDocView" time="0.000">
    <skipped/>
  </testcase> <!-- AssgnManageRev_ViewInDocView -->
  <testcase classname="testScriptsRegression.Assignment_Regression" name="AssgnManageRev_ViewInDoclist" time="0.000">
    <skipped/>
  </testcase> <!-- AssgnManageRev_ViewInDoclist -->
  <testcase classname="testScriptsRegression.Assignment_Regression" name="AssgnwithDocSequnece" time="0.000">
    <skipped/>
  </testcase> <!-- AssgnwithDocSequnece -->
  <testcase classname="testScriptsRegression.Assignment_Regression" name="AssignmentDashboard" time="0.000">
    <skipped/>
  </testcase> <!-- AssignmentDashboard -->
  <testcase classname="testScriptsRegression.Assignment_Regression" name="AssignmentManagerevTabActions" time="0.000">
    <skipped/>
  </testcase> <!-- AssignmentManagerevTabActions -->
  <testcase classname="testScriptsRegression.Assignment_Regression" name="AssignmentGroup" time="0.000">
    <skipped/>
  </testcase> <!-- AssignmentGroup -->
  <testcase classname="testScriptsRegression.Assignment_Regression" name="AssnmGroupwithsubassgn" time="0.001">
    <skipped/>
  </testcase> <!-- AssnmGroupwithsubassgn -->
  <testcase classname="testScriptsRegression.Assignment_Regression" name="DistributeDoc" time="0.000">
    <skipped/>
  </testcase> <!-- DistributeDoc -->
  <testcase classname="testScriptsRegression.Assignment_Regression" name="Assgn_RemoveDoc_ReviewerTab" time="0.000">
    <skipped/>
  </testcase> <!-- Assgn_RemoveDoc_ReviewerTab -->
  <testcase classname="testScriptsRegression.Assignment_Regression" name="EditAssgn_Disallowspeclchar" time="0.000">
    <skipped/>
  </testcase> <!-- EditAssgn_Disallowspeclchar -->
  <testcase classname="testScriptsRegression.Assignment_Regression" name="EditAssgn_Disallowspeclchar" time="0.000">
    <skipped/>
  </testcase> <!-- EditAssgn_Disallowspeclchar -->
  <testcase classname="testScriptsRegression.Assignment_Regression" name="EditAssgn_Disallowspeclchar" time="0.000">
    <skipped/>
  </testcase> <!-- EditAssgn_Disallowspeclchar -->
  <testcase classname="testScriptsRegression.Assignment_Regression" name="EditAssgn_Disallowspeclchar" time="0.000">
    <skipped/>
  </testcase> <!-- EditAssgn_Disallowspeclchar -->
  <testcase classname="testScriptsRegression.Assignment_Regression" name="EditAssgn_Disallowspeclchar" time="0.000">
    <skipped/>
  </testcase> <!-- EditAssgn_Disallowspeclchar -->
  <testcase classname="testScriptsRegression.Assignment_Regression" name="EditAssgn_Disallowspeclchar" time="0.000">
    <skipped/>
  </testcase> <!-- EditAssgn_Disallowspeclchar -->
  <testcase classname="testScriptsRegression.Assignment_Regression" name="EditAssgn_Disallowspeclchar" time="0.000">
    <skipped/>
  </testcase> <!-- EditAssgn_Disallowspeclchar -->
  <testcase classname="testScriptsRegression.Assignment_Regression" name="EditAssgn_Disallowspeclchar" time="0.000">
    <skipped/>
  </testcase> <!-- EditAssgn_Disallowspeclchar -->
  <testcase classname="testScriptsRegression.Assignment_Regression" name="EditAssgn_Disallowspeclchar" time="0.001">
    <skipped/>
  </testcase> <!-- EditAssgn_Disallowspeclchar -->
  <testcase classname="testScriptsRegression.Assignment_Regression" name="EditAssgn_Disallowspeclchar" time="0.000">
    <skipped/>
  </testcase> <!-- EditAssgn_Disallowspeclchar -->
  <testcase classname="testScriptsRegression.Assignment_Regression" name="EditAssgn_Disallowspeclchar" time="0.000">
    <skipped/>
  </testcase> <!-- EditAssgn_Disallowspeclchar -->
  <testcase classname="testScriptsRegression.Assignment_Regression" name="EditAssgn_Disallowspeclchar" time="0.000">
    <skipped/>
  </testcase> <!-- EditAssgn_Disallowspeclchar -->
  <testcase classname="testScriptsRegression.Assignment_Regression" name="EditAssgn_Disallowspeclchar" time="0.000">
    <skipped/>
  </testcase> <!-- EditAssgn_Disallowspeclchar -->
  <testcase classname="testScriptsRegression.Assignment_Regression" name="EditAssgn_Disallowspeclchar" time="0.000">
    <skipped/>
  </testcase> <!-- EditAssgn_Disallowspeclchar -->
  <testcase classname="testScriptsRegression.Assignment_Regression" name="EditAssgn_Disallowspeclchar" time="0.000">
    <skipped/>
  </testcase> <!-- EditAssgn_Disallowspeclchar -->
  <testcase classname="testScriptsRegression.Assignment_Regression" name="EditAssgn_Disallowspeclchar" time="0.000">
    <skipped/>
  </testcase> <!-- EditAssgn_Disallowspeclchar -->
  <testcase classname="testScriptsRegression.Assignment_Regression" name="EditAssgn_Disallowspeclchar" time="0.001">
    <skipped/>
  </testcase> <!-- EditAssgn_Disallowspeclchar -->
  <testcase classname="testScriptsRegression.Assignment_Regression" name="EditAssgn_Disallowspeclchar" time="0.001">
    <skipped/>
  </testcase> <!-- EditAssgn_Disallowspeclchar -->
  <testcase classname="testScriptsRegression.Assignment_Regression" name="EditAssgn_Disallowspeclchar" time="0.000">
    <skipped/>
  </testcase> <!-- EditAssgn_Disallowspeclchar -->
  <testcase classname="testScriptsRegression.Assignment_Regression" name="DeleteAssignment" time="0.000">
    <skipped/>
  </testcase> <!-- DeleteAssignment -->
  <testcase classname="testScriptsRegression.Assignment_Regression" name="assignmentwithpercentmethod" time="0.000">
    <skipped/>
  </testcase> <!-- assignmentwithpercentmethod -->
  <testcase classname="testScriptsRegression.Assignment_Regression" name="NewAssgnUnassgn" time="0.001">
    <skipped/>
  </testcase> <!-- NewAssgnUnassgn -->
  <testcase classname="testScriptsRegression.Assignment_Regression" name="CopyAssignment" time="0.000">
    <skipped/>
  </testcase> <!-- CopyAssignment -->
  <testcase classname="testScriptsRegression.Assignment_Regression" name="AssgnCompleteDoc" time="0.000">
    <skipped/>
  </testcase> <!-- AssgnCompleteDoc -->
  <testcase classname="testScriptsRegression.Assignment_Regression" name="ValidateUserlistonQuickbatch" time="0.000">
    <skipped/>
  </testcase> <!-- ValidateUserlistonQuickbatch -->
  <testcase classname="testScriptsRegression.Assignment_Regression" name="CreateQuickBatchfromsavedsearch" time="0.000">
    <skipped/>
  </testcase> <!-- CreateQuickBatchfromsavedsearch -->
  <testcase classname="testScriptsRegression.Assignment_Regression" name="CreateQuickBatchfromdoclist" time="0.000">
    <skipped/>
  </testcase> <!-- CreateQuickBatchfromdoclist -->
  <testcase classname="testScriptsRegression.Assignment_Regression" name="CreateQuickBatchfromTally" time="0.000">
    <skipped/>
  </testcase> <!-- CreateQuickBatchfromTally -->
  <testcase classname="testScriptsRegression.Assignment_Regression" name="CreateQuickBatchfromDocExplorer" time="0.000">
    <skipped/>
  </testcase> <!-- CreateQuickBatchfromDocExplorer -->
  <testcase classname="testScriptsRegression.Assignment_Regression" name="ValidateNameQuickBatchfailure" time="0.000">
    <skipped/>
  </testcase> <!-- ValidateNameQuickBatchfailure -->
  <testcase classname="testScriptsRegression.Assignment_Regression" name="CreateQuickBatchfromadvancedsearch" time="0.000">
    <skipped/>
  </testcase> <!-- CreateQuickBatchfromadvancedsearch -->
  <testcase classname="testScriptsRegression.Assignment_Regression" name="QuickBatchModifyValidation" time="0.000">
    <skipped/>
  </testcase> <!-- QuickBatchModifyValidation -->
  <testcase classname="testScriptsRegression.Assignment_Regression" name="QuickBatchfromSearchTermDocAuditreport" time="0.000">
    <skipped/>
  </testcase> <!-- QuickBatchfromSearchTermDocAuditreport -->
  <testcase classname="testScriptsRegression.Assignment_Regression" name="AssignmentKeywordHighlight" time="0.000">
    <skipped/>
  </testcase> <!-- AssignmentKeywordHighlight -->
  <testcase classname="testScriptsRegression.Assignment_Regression" name="SAORPATORMUCompleteDocs" time="0.000">
    <skipped/>
  </testcase> <!-- SAORPATORMUCompleteDocs -->
  <testcase classname="testScriptsRegression.Assignment_Regression" name="Assgnwp" time="0.000">
    <skipped/>
  </testcase> <!-- Assgnwp -->
  <testcase classname="testScriptsRegression.Assignment_Regression" name="Assgnwithdrawfrompool" time="0.000">
    <skipped/>
  </testcase> <!-- Assgnwithdrawfrompool -->
</testsuite> <!-- testScriptsRegression.Assignment_Regression -->
