<?xml version="1.0" encoding="UTF-8"?>
<testng-results skipped="0" failed="14" ignored="0" total="19" passed="5">
  <reporter-output>
    <line>
      <![CDATA[<a href='C:\Users\smangal\git\Sightline_QA_Automation_POM\sightline/Screenshots/DocView_Regression--VerifyPersistentHit.png'> <img src='C:\Users\smangal\git\Sightline_QA_Automation_POM\sightline/Screenshots/DocView_Regression--VerifyPersistentHit.png' height='100' width='100'/> </a>]]>
    </line>
    <line>
      <![CDATA[<a href='C:\Users\smangal\git\Sightline_QA_Automation_POM\sightline/Screenshots/DocView_Regression--VerifyFoldertab.png'> <img src='C:\Users\smangal\git\Sightline_QA_Automation_POM\sightline/Screenshots/DocView_Regression--VerifyFoldertab.png' height='100' width='100'/> </a>]]>
    </line>
    <line>
      <![CDATA[<a href='C:\Users\smangal\git\Sightline_QA_Automation_POM\sightline/Screenshots/DocView_Regression--NonAudioAnnotation.png'> <img src='C:\Users\smangal\git\Sightline_QA_Automation_POM\sightline/Screenshots/DocView_Regression--NonAudioAnnotation.png' height='100' width='100'/> </a>]]>
    </line>
    <line>
      <![CDATA[<a href='C:\Users\smangal\git\Sightline_QA_Automation_POM\sightline/Screenshots/DocView_Regression--VerifyAnalyticsChildWinodw.png'> <img src='C:\Users\smangal\git\Sightline_QA_Automation_POM\sightline/Screenshots/DocView_Regression--VerifyAnalyticsChildWinodw.png' height='100' width='100'/> </a>]]>
    </line>
    <line>
      <![CDATA[<a href='C:\Users\smangal\git\Sightline_QA_Automation_POM\sightline/Screenshots/DocView_Regression--VerifyThreadedChildWinodw.png'> <img src='C:\Users\smangal\git\Sightline_QA_Automation_POM\sightline/Screenshots/DocView_Regression--VerifyThreadedChildWinodw.png' height='100' width='100'/> </a>]]>
    </line>
    <line>
      <![CDATA[<a href='C:\Users\smangal\git\Sightline_QA_Automation_POM\sightline/Screenshots/DocView_Regression--NonAudioRemarkAddEditDeletebyReviewer.png'> <img src='C:\Users\smangal\git\Sightline_QA_Automation_POM\sightline/Screenshots/DocView_Regression--NonAudioRemarkAddEditDeletebyReviewer.png' height='100' width='100'/> </a>]]>
    </line>
    <line>
      <![CDATA[<a href='C:\Users\smangal\git\Sightline_QA_Automation_POM\sightline/Screenshots/DocView_Regression--VerifyMiniDoclistFolderAction.png'> <img src='C:\Users\smangal\git\Sightline_QA_Automation_POM\sightline/Screenshots/DocView_Regression--VerifyMiniDoclistFolderAction.png' height='100' width='100'/> </a>]]>
    </line>
    <line>
      <![CDATA[<a href='C:\Users\smangal\git\Sightline_QA_Automation_POM\sightline/Screenshots/DocView_Regression--VerifyTabswhenAllprefEnabled.png'> <img src='C:\Users\smangal\git\Sightline_QA_Automation_POM\sightline/Screenshots/DocView_Regression--VerifyTabswhenAllprefEnabled.png' height='100' width='100'/> </a>]]>
    </line>
    <line>
      <![CDATA[<a href='C:\Users\smangal\git\Sightline_QA_Automation_POM\sightline/Screenshots/DocView_Regression--getPersistentHit.png'> <img src='C:\Users\smangal\git\Sightline_QA_Automation_POM\sightline/Screenshots/DocView_Regression--getPersistentHit.png' height='100' width='100'/> </a>]]>
    </line>
    <line>
      <![CDATA[<a href='C:\Users\smangal\git\Sightline_QA_Automation_POM\sightline/Screenshots/DocView_Regression--VerifyAnalyticsthrAssignment.png'> <img src='C:\Users\smangal\git\Sightline_QA_Automation_POM\sightline/Screenshots/DocView_Regression--VerifyAnalyticsthrAssignment.png' height='100' width='100'/> </a>]]>
    </line>
    <line>
      <![CDATA[<a href='C:\Users\smangal\git\Sightline_QA_Automation_POM\sightline/Screenshots/DocView_Regression--VerifyTabswhenAllprefDisabled.png'> <img src='C:\Users\smangal\git\Sightline_QA_Automation_POM\sightline/Screenshots/DocView_Regression--VerifyTabswhenAllprefDisabled.png' height='100' width='100'/> </a>]]>
    </line>
    <line>
      <![CDATA[<a href='C:\Users\smangal\git\Sightline_QA_Automation_POM\sightline/Screenshots/DocView_Regression--VerifyAnalyticsforPA.png'> <img src='C:\Users\smangal\git\Sightline_QA_Automation_POM\sightline/Screenshots/DocView_Regression--VerifyAnalyticsforPA.png' height='100' width='100'/> </a>]]>
    </line>
    <line>
      <![CDATA[<a href='C:\Users\smangal\git\Sightline_QA_Automation_POM\sightline/Screenshots/DocView_Regression--VerifyMiniDoclistConifgSortOrder.png'> <img src='C:\Users\smangal\git\Sightline_QA_Automation_POM\sightline/Screenshots/DocView_Regression--VerifyMiniDoclistConifgSortOrder.png' height='100' width='100'/> </a>]]>
    </line>
    <line>
      <![CDATA[<a href='C:\Users\smangal\git\Sightline_QA_Automation_POM\sightline/Screenshots/DocView_Regression--VerifyAnalyticsConceptual.png'> <img src='C:\Users\smangal\git\Sightline_QA_Automation_POM\sightline/Screenshots/DocView_Regression--VerifyAnalyticsConceptual.png' height='100' width='100'/> </a>]]>
    </line>
  </reporter-output>
  <suite name="Regression Suite" duration-ms="1272084" started-at="2020-08-11T07:43:46Z" finished-at="2020-08-11T08:04:58Z">
    <groups>
      <group name="regression">
        <method signature="DocView_Regression.NonAudioAnnotation()[pri:4, instance:testScriptsRegression.DocView_Regression@60c6f5b]" name="NonAudioAnnotation" class="testScriptsRegression.DocView_Regression"/>
        <method signature="DocView_Regression.NonAudioRemarkAddEditDeletebyReviewer()[pri:11, instance:testScriptsRegression.DocView_Regression@60c6f5b]" name="NonAudioRemarkAddEditDeletebyReviewer" class="testScriptsRegression.DocView_Regression"/>
        <method signature="DocView_Regression.VerifyAnalyticsChildWinodw()[pri:8, instance:testScriptsRegression.DocView_Regression@60c6f5b]" name="VerifyAnalyticsChildWinodw" class="testScriptsRegression.DocView_Regression"/>
        <method signature="DocView_Regression.VerifyAnalyticsConceptual()[pri:21, instance:testScriptsRegression.DocView_Regression@60c6f5b]" name="VerifyAnalyticsConceptual" class="testScriptsRegression.DocView_Regression"/>
        <method signature="DocView_Regression.VerifyAnalyticsEmailInclusive()[pri:6, instance:testScriptsRegression.DocView_Regression@60c6f5b]" name="VerifyAnalyticsEmailInclusive" class="testScriptsRegression.DocView_Regression"/>
        <method signature="DocView_Regression.VerifyAnalyticsThreaded()[pri:7, instance:testScriptsRegression.DocView_Regression@60c6f5b]" name="VerifyAnalyticsThreaded" class="testScriptsRegression.DocView_Regression"/>
        <method signature="DocView_Regression.VerifyAnalytics_FamilyActions()[pri:12, instance:testScriptsRegression.DocView_Regression@60c6f5b]" name="VerifyAnalytics_FamilyActions" class="testScriptsRegression.DocView_Regression"/>
        <method signature="DocView_Regression.VerifyAnalyticsforPA()[pri:19, instance:testScriptsRegression.DocView_Regression@60c6f5b]" name="VerifyAnalyticsforPA" class="testScriptsRegression.DocView_Regression"/>
        <method signature="DocView_Regression.VerifyAnalyticsthrAssignment()[pri:17, instance:testScriptsRegression.DocView_Regression@60c6f5b]" name="VerifyAnalyticsthrAssignment" class="testScriptsRegression.DocView_Regression"/>
        <method signature="DocView_Regression.VerifyFoldertab()[pri:2, instance:testScriptsRegression.DocView_Regression@60c6f5b]" name="VerifyFoldertab" class="testScriptsRegression.DocView_Regression"/>
        <method signature="DocView_Regression.VerifyMiniDoclistConifgSortOrder()[pri:20, instance:testScriptsRegression.DocView_Regression@60c6f5b]" name="VerifyMiniDoclistConifgSortOrder" class="testScriptsRegression.DocView_Regression"/>
        <method signature="DocView_Regression.VerifyMiniDoclistFolderAction()[pri:13, instance:testScriptsRegression.DocView_Regression@60c6f5b]" name="VerifyMiniDoclistFolderAction" class="testScriptsRegression.DocView_Regression"/>
        <method signature="DocView_Regression.VerifyNearDupesCompwinodw()[pri:9, instance:testScriptsRegression.DocView_Regression@60c6f5b]" name="VerifyNearDupesCompwinodw" class="testScriptsRegression.DocView_Regression"/>
        <method signature="DocView_Regression.VerifyPersistentHit()[pri:1, instance:testScriptsRegression.DocView_Regression@60c6f5b]" name="VerifyPersistentHit" class="testScriptsRegression.DocView_Regression"/>
        <method signature="DocView_Regression.VerifyTabswhenAllprefDisabled()[pri:18, instance:testScriptsRegression.DocView_Regression@60c6f5b]" name="VerifyTabswhenAllprefDisabled" class="testScriptsRegression.DocView_Regression"/>
        <method signature="DocView_Regression.VerifyTabswhenAllprefEnabled()[pri:14, instance:testScriptsRegression.DocView_Regression@60c6f5b]" name="VerifyTabswhenAllprefEnabled" class="testScriptsRegression.DocView_Regression"/>
        <method signature="DocView_Regression.VerifyTextTab()[pri:3, instance:testScriptsRegression.DocView_Regression@60c6f5b]" name="VerifyTextTab" class="testScriptsRegression.DocView_Regression"/>
        <method signature="DocView_Regression.VerifyThreadedChildWinodw()[pri:10, instance:testScriptsRegression.DocView_Regression@60c6f5b]" name="VerifyThreadedChildWinodw" class="testScriptsRegression.DocView_Regression"/>
        <method signature="DocView_Regression.getPersistentHit()[pri:15, instance:testScriptsRegression.DocView_Regression@60c6f5b]" name="getPersistentHit" class="testScriptsRegression.DocView_Regression"/>
      </group> <!-- regression -->
    </groups>
    <test name="Input" duration-ms="8" started-at="2020-08-11T07:43:46Z" finished-at="2020-08-11T07:43:46Z">
    </test> <!-- Input -->
    <test name="DocView regression" duration-ms="1272029" started-at="2020-08-11T07:43:46Z" finished-at="2020-08-11T08:04:58Z">
      <class name="testScriptsSmoke.Input">
        <test-method status="PASS" signature="loadEnvConfig()[pri:0, instance:testScriptsSmoke.Input@3fee9989]" name="loadEnvConfig" is-config="true" duration-ms="11902" started-at="2020-08-11T13:13:34Z" finished-at="2020-08-11T13:13:46Z">
          <reporter-output>
          </reporter-output>
        </test-method> <!-- loadEnvConfig -->
      </class> <!-- testScriptsSmoke.Input -->
      <class name="testScriptsRegression.DocView_Regression">
        <test-method status="PASS" signature="preCondition()[pri:0, instance:testScriptsRegression.DocView_Regression@60c6f5b]" name="preCondition" is-config="true" duration-ms="267472" started-at="2020-08-11T13:13:46Z" finished-at="2020-08-11T13:18:14Z">
          <reporter-output>
          </reporter-output>
        </test-method> <!-- preCondition -->
        <test-method status="FAIL" signature="VerifyPersistentHit()[pri:1, instance:testScriptsRegression.DocView_Regression@60c6f5b]" name="VerifyPersistentHit" duration-ms="83894" started-at="2020-08-11T13:18:14Z" finished-at="2020-08-11T13:19:38Z">
          <exception class="org.openqa.selenium.NoSuchElementException">
            <message>
              <![CDATA[no such element: Unable to locate element: {"method":"xpath","selector":"//*[@id='search-btn-audio-view']//a"}
  (Session info: chrome=84.0.4147.105)
  (Driver info: chromedriver=2.36.540470 (e522d04694c7ebea4ba8821272dbef4f9b818c91),platform=Windows NT 10.0.17134 x86_64) (WARNING: The server did not provide any stacktrace information)
Command duration or timeout: 26 milliseconds
For documentation on this error, please visit: http://seleniumhq.org/exceptions/no_such_element.html
Build info: version: '3.4.0', revision: 'unknown', time: 'unknown'
System info: host: 'INLTP-SHILPIM', ip: '10.224.55.48', os.name: 'Windows 10', os.arch: 'amd64', os.version: '10.0', java.version: '1.8.0_181'
Driver info: org.openqa.selenium.chrome.ChromeDriver
Capabilities [{applicationCacheEnabled=false, rotatable=false, mobileEmulationEnabled=false, networkConnectionEnabled=false, chrome={chromedriverVersion=2.36.540470 (e522d04694c7ebea4ba8821272dbef4f9b818c91), userDataDir=C:\Users\smangal\AppData\Local\Temp\scoped_dir67396_15604}, takesHeapSnapshot=true, pageLoadStrategy=normal, databaseEnabled=false, handlesAlerts=true, hasTouchScreen=false, version=84.0.4147.105, platform=XP, browserConnectionEnabled=false, nativeEvents=true, acceptSslCerts=false, acceptInsecureCerts=false, locationContextEnabled=true, webStorageEnabled=true, browserName=chrome, takesScreenshot=true, javascriptEnabled=true, cssSelectorsEnabled=true, setWindowRect=true, unexpectedAlertBehaviour=}]
Session ID: bb0596fc5f15d213be5875b04ee601ee
*** Element info: {Using=xpath, value=//*[@id='search-btn-audio-view']//a}]]>
            </message>
            <full-stacktrace>
              <![CDATA[org.openqa.selenium.NoSuchElementException: no such element: Unable to locate element: {"method":"xpath","selector":"//*[@id='search-btn-audio-view']//a"}
  (Session info: chrome=84.0.4147.105)
  (Driver info: chromedriver=2.36.540470 (e522d04694c7ebea4ba8821272dbef4f9b818c91),platform=Windows NT 10.0.17134 x86_64) (WARNING: The server did not provide any stacktrace information)
Command duration or timeout: 26 milliseconds
For documentation on this error, please visit: http://seleniumhq.org/exceptions/no_such_element.html
Build info: version: '3.4.0', revision: 'unknown', time: 'unknown'
System info: host: 'INLTP-SHILPIM', ip: '10.224.55.48', os.name: 'Windows 10', os.arch: 'amd64', os.version: '10.0', java.version: '1.8.0_181'
Driver info: org.openqa.selenium.chrome.ChromeDriver
Capabilities [{applicationCacheEnabled=false, rotatable=false, mobileEmulationEnabled=false, networkConnectionEnabled=false, chrome={chromedriverVersion=2.36.540470 (e522d04694c7ebea4ba8821272dbef4f9b818c91), userDataDir=C:\Users\smangal\AppData\Local\Temp\scoped_dir67396_15604}, takesHeapSnapshot=true, pageLoadStrategy=normal, databaseEnabled=false, handlesAlerts=true, hasTouchScreen=false, version=84.0.4147.105, platform=XP, browserConnectionEnabled=false, nativeEvents=true, acceptSslCerts=false, acceptInsecureCerts=false, locationContextEnabled=true, webStorageEnabled=true, browserName=chrome, takesScreenshot=true, javascriptEnabled=true, cssSelectorsEnabled=true, setWindowRect=true, unexpectedAlertBehaviour=}]
Session ID: bb0596fc5f15d213be5875b04ee601ee
*** Element info: {Using=xpath, value=//*[@id='search-btn-audio-view']//a}
	at sun.reflect.GeneratedConstructorAccessor13.newInstance(Unknown Source)
	at sun.reflect.DelegatingConstructorAccessorImpl.newInstance(DelegatingConstructorAccessorImpl.java:45)
	at java.lang.reflect.Constructor.newInstance(Constructor.java:423)
	at org.openqa.selenium.remote.ErrorHandler.createThrowable(ErrorHandler.java:215)
	at org.openqa.selenium.remote.ErrorHandler.throwIfResponseFailed(ErrorHandler.java:167)
	at org.openqa.selenium.remote.RemoteWebDriver.execute(RemoteWebDriver.java:671)
	at org.openqa.selenium.remote.RemoteWebDriver.findElement(RemoteWebDriver.java:410)
	at org.openqa.selenium.remote.RemoteWebDriver.findElementByXPath(RemoteWebDriver.java:509)
	at org.openqa.selenium.By$ByXPath.findElement(By.java:361)
	at org.openqa.selenium.remote.RemoteWebDriver.findElement(RemoteWebDriver.java:402)
	at automationLibrary.Element.AssertExists(Element.java:501)
	at automationLibrary.Element.waitAndClick(Element.java:256)
	at pageFactory.DocViewPage.getAudioPersistentHit(DocViewPage.java:287)
	at pageFactory.DocViewPage.VerifyPersistentHit(DocViewPage.java:671)
	at testScriptsRegression.DocView_Regression.VerifyPersistentHit(DocView_Regression.java:123)
	at sun.reflect.NativeMethodAccessorImpl.invoke0(Native Method)
	at sun.reflect.NativeMethodAccessorImpl.invoke(NativeMethodAccessorImpl.java:62)
	at sun.reflect.DelegatingMethodAccessorImpl.invoke(DelegatingMethodAccessorImpl.java:43)
	at java.lang.reflect.Method.invoke(Method.java:498)
	at org.testng.internal.MethodInvocationHelper.invokeMethod(MethodInvocationHelper.java:108)
	at org.testng.internal.Invoker.invokeMethod(Invoker.java:661)
	at org.testng.internal.Invoker.invokeTestMethod(Invoker.java:869)
	at org.testng.internal.Invoker.invokeTestMethods(Invoker.java:1193)
	at org.testng.internal.TestMethodWorker.invokeTestMethods(TestMethodWorker.java:126)
	at org.testng.internal.TestMethodWorker.run(TestMethodWorker.java:109)
	at org.testng.TestRunner.privateRun(TestRunner.java:744)
	at org.testng.TestRunner.run(TestRunner.java:602)
	at org.testng.SuiteRunner.runTest(SuiteRunner.java:380)
	at org.testng.SuiteRunner.runSequentially(SuiteRunner.java:375)
	at org.testng.SuiteRunner.privateRun(SuiteRunner.java:340)
	at org.testng.SuiteRunner.run(SuiteRunner.java:289)
	at org.testng.SuiteRunnerWorker.runSuite(SuiteRunnerWorker.java:52)
	at org.testng.SuiteRunnerWorker.run(SuiteRunnerWorker.java:86)
	at org.testng.TestNG.runSuitesSequentially(TestNG.java:1301)
	at org.testng.TestNG.runSuitesLocally(TestNG.java:1226)
	at org.testng.TestNG.runSuites(TestNG.java:1144)
	at org.testng.TestNG.run(TestNG.java:1115)
	at org.testng.remote.AbstractRemoteTestNG.run(AbstractRemoteTestNG.java:115)
	at org.testng.remote.RemoteTestNG.initAndRun(RemoteTestNG.java:251)
	at org.testng.remote.RemoteTestNG.main(RemoteTestNG.java:77)
]]>
            </full-stacktrace>
          </exception> <!-- org.openqa.selenium.NoSuchElementException -->
          <reporter-output>
          </reporter-output>
        </test-method> <!-- VerifyPersistentHit -->
        <test-method status="PASS" signature="takeScreenShot(org.testng.ITestResult)[pri:0, instance:testScriptsRegression.DocView_Regression@60c6f5b]" name="takeScreenShot" is-config="true" duration-ms="1002" started-at="2020-08-11T13:19:38Z" finished-at="2020-08-11T13:19:39Z">
          <params>
            <param index="0">
              <value>
                <![CDATA[[TestResult name=VerifyPersistentHit status=FAILURE method=DocView_Regression.VerifyPersistentHit()[pri:1, instance:testScriptsRegression.DocView_Regression@60c6f5b] output={null}]]]>
              </value>
            </param>
          </params>
          <reporter-output>
            <line>
              <![CDATA[<a href='C:\Users\smangal\git\Sightline_QA_Automation_POM\sightline/Screenshots/DocView_Regression--VerifyPersistentHit.png'> <img src='C:\Users\smangal\git\Sightline_QA_Automation_POM\sightline/Screenshots/DocView_Regression--VerifyPersistentHit.png' height='100' width='100'/> </a>]]>
            </line>
          </reporter-output>
        </test-method> <!-- takeScreenShot -->
        <test-method status="FAIL" signature="VerifyFoldertab()[pri:2, instance:testScriptsRegression.DocView_Regression@60c6f5b]" name="VerifyFoldertab" duration-ms="4613" started-at="2020-08-11T13:19:39Z" finished-at="2020-08-11T13:19:43Z">
          <exception class="java.lang.AssertionError">
            <message>
              <![CDATA[expected [Redaction Removed successfully.] but found [Records saved successfully]]]>
            </message>
            <full-stacktrace>
              <![CDATA[java.lang.AssertionError: expected [Redaction Removed successfully.] but found [Records saved successfully]
	at org.testng.Assert.fail(Assert.java:93)
	at org.testng.Assert.failNotEquals(Assert.java:512)
	at org.testng.Assert.assertEqualsImpl(Assert.java:134)
	at org.testng.Assert.assertEquals(Assert.java:115)
	at org.testng.Assert.assertEquals(Assert.java:189)
	at org.testng.Assert.assertEquals(Assert.java:199)
	at pageFactory.BaseClass.VerifySuccessMessage(BaseClass.java:245)
	at pageFactory.DocViewPage.VerifyFolderTab(DocViewPage.java:646)
	at testScriptsRegression.DocView_Regression.VerifyFoldertab(DocView_Regression.java:130)
	at sun.reflect.NativeMethodAccessorImpl.invoke0(Native Method)
	at sun.reflect.NativeMethodAccessorImpl.invoke(NativeMethodAccessorImpl.java:62)
	at sun.reflect.DelegatingMethodAccessorImpl.invoke(DelegatingMethodAccessorImpl.java:43)
	at java.lang.reflect.Method.invoke(Method.java:498)
	at org.testng.internal.MethodInvocationHelper.invokeMethod(MethodInvocationHelper.java:108)
	at org.testng.internal.Invoker.invokeMethod(Invoker.java:661)
	at org.testng.internal.Invoker.invokeTestMethod(Invoker.java:869)
	at org.testng.internal.Invoker.invokeTestMethods(Invoker.java:1193)
	at org.testng.internal.TestMethodWorker.invokeTestMethods(TestMethodWorker.java:126)
	at org.testng.internal.TestMethodWorker.run(TestMethodWorker.java:109)
	at org.testng.TestRunner.privateRun(TestRunner.java:744)
	at org.testng.TestRunner.run(TestRunner.java:602)
	at org.testng.SuiteRunner.runTest(SuiteRunner.java:380)
	at org.testng.SuiteRunner.runSequentially(SuiteRunner.java:375)
	at org.testng.SuiteRunner.privateRun(SuiteRunner.java:340)
	at org.testng.SuiteRunner.run(SuiteRunner.java:289)
	at org.testng.SuiteRunnerWorker.runSuite(SuiteRunnerWorker.java:52)
	at org.testng.SuiteRunnerWorker.run(SuiteRunnerWorker.java:86)
	at org.testng.TestNG.runSuitesSequentially(TestNG.java:1301)
	at org.testng.TestNG.runSuitesLocally(TestNG.java:1226)
	at org.testng.TestNG.runSuites(TestNG.java:1144)
	at org.testng.TestNG.run(TestNG.java:1115)
	at org.testng.remote.AbstractRemoteTestNG.run(AbstractRemoteTestNG.java:115)
	at org.testng.remote.RemoteTestNG.initAndRun(RemoteTestNG.java:251)
	at org.testng.remote.RemoteTestNG.main(RemoteTestNG.java:77)
]]>
            </full-stacktrace>
          </exception> <!-- java.lang.AssertionError -->
          <reporter-output>
          </reporter-output>
        </test-method> <!-- VerifyFoldertab -->
        <test-method status="PASS" signature="takeScreenShot(org.testng.ITestResult)[pri:0, instance:testScriptsRegression.DocView_Regression@60c6f5b]" name="takeScreenShot" is-config="true" duration-ms="580" started-at="2020-08-11T13:19:43Z" finished-at="2020-08-11T13:19:44Z">
          <params>
            <param index="0">
              <value>
                <![CDATA[[TestResult name=VerifyFoldertab status=FAILURE method=DocView_Regression.VerifyFoldertab()[pri:2, instance:testScriptsRegression.DocView_Regression@60c6f5b] output={null}]]]>
              </value>
            </param>
          </params>
          <reporter-output>
            <line>
              <![CDATA[<a href='C:\Users\smangal\git\Sightline_QA_Automation_POM\sightline/Screenshots/DocView_Regression--VerifyFoldertab.png'> <img src='C:\Users\smangal\git\Sightline_QA_Automation_POM\sightline/Screenshots/DocView_Regression--VerifyFoldertab.png' height='100' width='100'/> </a>]]>
            </line>
          </reporter-output>
        </test-method> <!-- takeScreenShot -->
        <test-method status="PASS" signature="VerifyTextTab()[pri:3, instance:testScriptsRegression.DocView_Regression@60c6f5b]" name="VerifyTextTab" duration-ms="768" started-at="2020-08-11T13:19:44Z" finished-at="2020-08-11T13:19:45Z">
          <reporter-output>
          </reporter-output>
        </test-method> <!-- VerifyTextTab -->
        <test-method status="PASS" signature="takeScreenShot(org.testng.ITestResult)[pri:0, instance:testScriptsRegression.DocView_Regression@60c6f5b]" name="takeScreenShot" is-config="true" duration-ms="0" started-at="2020-08-11T13:19:45Z" finished-at="2020-08-11T13:19:45Z">
          <params>
            <param index="0">
              <value>
                <![CDATA[[TestResult name=VerifyTextTab status=SUCCESS method=DocView_Regression.VerifyTextTab()[pri:3, instance:testScriptsRegression.DocView_Regression@60c6f5b] output={null}]]]>
              </value>
            </param>
          </params>
          <reporter-output>
          </reporter-output>
        </test-method> <!-- takeScreenShot -->
        <test-method status="FAIL" signature="NonAudioAnnotation()[pri:4, instance:testScriptsRegression.DocView_Regression@60c6f5b]" name="NonAudioAnnotation" duration-ms="8494" started-at="2020-08-11T13:19:45Z" finished-at="2020-08-11T13:19:53Z">
          <exception class="org.openqa.selenium.NoSuchElementException">
            <message>
              <![CDATA[no such element: Unable to locate element: {"method":"css selector","selector":"rect[style*='#FFFF00']"}
  (Session info: chrome=84.0.4147.105)
  (Driver info: chromedriver=2.36.540470 (e522d04694c7ebea4ba8821272dbef4f9b818c91),platform=Windows NT 10.0.17134 x86_64) (WARNING: The server did not provide any stacktrace information)
Command duration or timeout: 14 milliseconds
For documentation on this error, please visit: http://seleniumhq.org/exceptions/no_such_element.html
Build info: version: '3.4.0', revision: 'unknown', time: 'unknown'
System info: host: 'INLTP-SHILPIM', ip: '10.224.55.48', os.name: 'Windows 10', os.arch: 'amd64', os.version: '10.0', java.version: '1.8.0_181'
Driver info: org.openqa.selenium.chrome.ChromeDriver
Capabilities [{applicationCacheEnabled=false, rotatable=false, mobileEmulationEnabled=false, networkConnectionEnabled=false, chrome={chromedriverVersion=2.36.540470 (e522d04694c7ebea4ba8821272dbef4f9b818c91), userDataDir=C:\Users\smangal\AppData\Local\Temp\scoped_dir67396_15604}, takesHeapSnapshot=true, pageLoadStrategy=normal, databaseEnabled=false, handlesAlerts=true, hasTouchScreen=false, version=84.0.4147.105, platform=XP, browserConnectionEnabled=false, nativeEvents=true, acceptSslCerts=false, acceptInsecureCerts=false, locationContextEnabled=true, webStorageEnabled=true, browserName=chrome, takesScreenshot=true, javascriptEnabled=true, cssSelectorsEnabled=true, setWindowRect=true, unexpectedAlertBehaviour=}]
Session ID: bb0596fc5f15d213be5875b04ee601ee
*** Element info: {Using=css selector, value=rect[style*='#FFFF00']}]]>
            </message>
            <full-stacktrace>
              <![CDATA[org.openqa.selenium.NoSuchElementException: no such element: Unable to locate element: {"method":"css selector","selector":"rect[style*='#FFFF00']"}
  (Session info: chrome=84.0.4147.105)
  (Driver info: chromedriver=2.36.540470 (e522d04694c7ebea4ba8821272dbef4f9b818c91),platform=Windows NT 10.0.17134 x86_64) (WARNING: The server did not provide any stacktrace information)
Command duration or timeout: 14 milliseconds
For documentation on this error, please visit: http://seleniumhq.org/exceptions/no_such_element.html
Build info: version: '3.4.0', revision: 'unknown', time: 'unknown'
System info: host: 'INLTP-SHILPIM', ip: '10.224.55.48', os.name: 'Windows 10', os.arch: 'amd64', os.version: '10.0', java.version: '1.8.0_181'
Driver info: org.openqa.selenium.chrome.ChromeDriver
Capabilities [{applicationCacheEnabled=false, rotatable=false, mobileEmulationEnabled=false, networkConnectionEnabled=false, chrome={chromedriverVersion=2.36.540470 (e522d04694c7ebea4ba8821272dbef4f9b818c91), userDataDir=C:\Users\smangal\AppData\Local\Temp\scoped_dir67396_15604}, takesHeapSnapshot=true, pageLoadStrategy=normal, databaseEnabled=false, handlesAlerts=true, hasTouchScreen=false, version=84.0.4147.105, platform=XP, browserConnectionEnabled=false, nativeEvents=true, acceptSslCerts=false, acceptInsecureCerts=false, locationContextEnabled=true, webStorageEnabled=true, browserName=chrome, takesScreenshot=true, javascriptEnabled=true, cssSelectorsEnabled=true, setWindowRect=true, unexpectedAlertBehaviour=}]
Session ID: bb0596fc5f15d213be5875b04ee601ee
*** Element info: {Using=css selector, value=rect[style*='#FFFF00']}
	at sun.reflect.GeneratedConstructorAccessor13.newInstance(Unknown Source)
	at sun.reflect.DelegatingConstructorAccessorImpl.newInstance(DelegatingConstructorAccessorImpl.java:45)
	at java.lang.reflect.Constructor.newInstance(Constructor.java:423)
	at org.openqa.selenium.remote.ErrorHandler.createThrowable(ErrorHandler.java:215)
	at org.openqa.selenium.remote.ErrorHandler.throwIfResponseFailed(ErrorHandler.java:167)
	at org.openqa.selenium.remote.RemoteWebDriver.execute(RemoteWebDriver.java:671)
	at org.openqa.selenium.remote.RemoteWebDriver.findElement(RemoteWebDriver.java:410)
	at org.openqa.selenium.remote.RemoteWebDriver.findElementByCssSelector(RemoteWebDriver.java:501)
	at org.openqa.selenium.By$ByCssSelector.findElement(By.java:430)
	at org.openqa.selenium.remote.RemoteWebDriver.findElement(RemoteWebDriver.java:402)
	at automationLibrary.Element.AssertExists(Element.java:501)
	at automationLibrary.Element.GetCssValue(Element.java:416)
	at pageFactory.DocViewPage.NonAudioAnnotation(DocViewPage.java:754)
	at testScriptsRegression.DocView_Regression.NonAudioAnnotation(DocView_Regression.java:143)
	at sun.reflect.NativeMethodAccessorImpl.invoke0(Native Method)
	at sun.reflect.NativeMethodAccessorImpl.invoke(NativeMethodAccessorImpl.java:62)
	at sun.reflect.DelegatingMethodAccessorImpl.invoke(DelegatingMethodAccessorImpl.java:43)
	at java.lang.reflect.Method.invoke(Method.java:498)
	at org.testng.internal.MethodInvocationHelper.invokeMethod(MethodInvocationHelper.java:108)
	at org.testng.internal.Invoker.invokeMethod(Invoker.java:661)
	at org.testng.internal.Invoker.invokeTestMethod(Invoker.java:869)
	at org.testng.internal.Invoker.invokeTestMethods(Invoker.java:1193)
	at org.testng.internal.TestMethodWorker.invokeTestMethods(TestMethodWorker.java:126)
	at org.testng.internal.TestMethodWorker.run(TestMethodWorker.java:109)
	at org.testng.TestRunner.privateRun(TestRunner.java:744)
	at org.testng.TestRunner.run(TestRunner.java:602)
	at org.testng.SuiteRunner.runTest(SuiteRunner.java:380)
	at org.testng.SuiteRunner.runSequentially(SuiteRunner.java:375)
	at org.testng.SuiteRunner.privateRun(SuiteRunner.java:340)
	at org.testng.SuiteRunner.run(SuiteRunner.java:289)
	at org.testng.SuiteRunnerWorker.runSuite(SuiteRunnerWorker.java:52)
	at org.testng.SuiteRunnerWorker.run(SuiteRunnerWorker.java:86)
	at org.testng.TestNG.runSuitesSequentially(TestNG.java:1301)
	at org.testng.TestNG.runSuitesLocally(TestNG.java:1226)
	at org.testng.TestNG.runSuites(TestNG.java:1144)
	at org.testng.TestNG.run(TestNG.java:1115)
	at org.testng.remote.AbstractRemoteTestNG.run(AbstractRemoteTestNG.java:115)
	at org.testng.remote.RemoteTestNG.initAndRun(RemoteTestNG.java:251)
	at org.testng.remote.RemoteTestNG.main(RemoteTestNG.java:77)
]]>
            </full-stacktrace>
          </exception> <!-- org.openqa.selenium.NoSuchElementException -->
          <reporter-output>
          </reporter-output>
        </test-method> <!-- NonAudioAnnotation -->
        <test-method status="PASS" signature="takeScreenShot(org.testng.ITestResult)[pri:0, instance:testScriptsRegression.DocView_Regression@60c6f5b]" name="takeScreenShot" is-config="true" duration-ms="508" started-at="2020-08-11T13:19:53Z" finished-at="2020-08-11T13:19:54Z">
          <params>
            <param index="0">
              <value>
                <![CDATA[[TestResult name=NonAudioAnnotation status=FAILURE method=DocView_Regression.NonAudioAnnotation()[pri:4, instance:testScriptsRegression.DocView_Regression@60c6f5b] output={null}]]]>
              </value>
            </param>
          </params>
          <reporter-output>
            <line>
              <![CDATA[<a href='C:\Users\smangal\git\Sightline_QA_Automation_POM\sightline/Screenshots/DocView_Regression--NonAudioAnnotation.png'> <img src='C:\Users\smangal\git\Sightline_QA_Automation_POM\sightline/Screenshots/DocView_Regression--NonAudioAnnotation.png' height='100' width='100'/> </a>]]>
            </line>
          </reporter-output>
        </test-method> <!-- takeScreenShot -->
        <test-method status="PASS" signature="VerifyAnalyticsEmailInclusive()[pri:6, instance:testScriptsRegression.DocView_Regression@60c6f5b]" name="VerifyAnalyticsEmailInclusive" duration-ms="34272" started-at="2020-08-11T13:19:54Z" finished-at="2020-08-11T13:20:28Z">
          <reporter-output>
          </reporter-output>
        </test-method> <!-- VerifyAnalyticsEmailInclusive -->
        <test-method status="PASS" signature="takeScreenShot(org.testng.ITestResult)[pri:0, instance:testScriptsRegression.DocView_Regression@60c6f5b]" name="takeScreenShot" is-config="true" duration-ms="0" started-at="2020-08-11T13:20:28Z" finished-at="2020-08-11T13:20:28Z">
          <params>
            <param index="0">
              <value>
                <![CDATA[[TestResult name=VerifyAnalyticsEmailInclusive status=SUCCESS method=DocView_Regression.VerifyAnalyticsEmailInclusive()[pri:6, instance:testScriptsRegression.DocView_Regression@60c6f5b] output={null}]]]>
              </value>
            </param>
          </params>
          <reporter-output>
          </reporter-output>
        </test-method> <!-- takeScreenShot -->
        <test-method status="PASS" signature="VerifyAnalyticsThreaded()[pri:7, instance:testScriptsRegression.DocView_Regression@60c6f5b]" name="VerifyAnalyticsThreaded" duration-ms="42976" started-at="2020-08-11T13:20:28Z" finished-at="2020-08-11T13:21:11Z">
          <reporter-output>
          </reporter-output>
        </test-method> <!-- VerifyAnalyticsThreaded -->
        <test-method status="PASS" signature="takeScreenShot(org.testng.ITestResult)[pri:0, instance:testScriptsRegression.DocView_Regression@60c6f5b]" name="takeScreenShot" is-config="true" duration-ms="0" started-at="2020-08-11T13:21:11Z" finished-at="2020-08-11T13:21:11Z">
          <params>
            <param index="0">
              <value>
                <![CDATA[[TestResult name=VerifyAnalyticsThreaded status=SUCCESS method=DocView_Regression.VerifyAnalyticsThreaded()[pri:7, instance:testScriptsRegression.DocView_Regression@60c6f5b] output={null}]]]>
              </value>
            </param>
          </params>
          <reporter-output>
          </reporter-output>
        </test-method> <!-- takeScreenShot -->
        <test-method status="FAIL" signature="VerifyAnalyticsChildWinodw()[pri:8, instance:testScriptsRegression.DocView_Regression@60c6f5b]" name="VerifyAnalyticsChildWinodw" duration-ms="15037" started-at="2020-08-11T13:21:11Z" finished-at="2020-08-11T13:21:26Z">
          <exception class="org.openqa.selenium.WebDriverException">
            <message>
              <![CDATA[unknown error: Element <span id="project-selector" class="popover-trigger-element dropdown-toggle left" data-toggle="dropdown" style="padding-bottom:8px;" title="...">TD_24July</span> is not clickable at point (273, 36). Other element would receive the click: <div id="processingPopupDiv" class="ui-widget-overlay" style="">...</div>
  (Session info: chrome=84.0.4147.105)
  (Driver info: chromedriver=2.36.540470 (e522d04694c7ebea4ba8821272dbef4f9b818c91),platform=Windows NT 10.0.17134 x86_64) (WARNING: The server did not provide any stacktrace information)
Command duration or timeout: 69 milliseconds
Build info: version: '3.4.0', revision: 'unknown', time: 'unknown'
System info: host: 'INLTP-SHILPIM', ip: '10.224.55.48', os.name: 'Windows 10', os.arch: 'amd64', os.version: '10.0', java.version: '1.8.0_181'
Driver info: org.openqa.selenium.chrome.ChromeDriver
Capabilities [{applicationCacheEnabled=false, rotatable=false, mobileEmulationEnabled=false, networkConnectionEnabled=false, chrome={chromedriverVersion=2.36.540470 (e522d04694c7ebea4ba8821272dbef4f9b818c91), userDataDir=C:\Users\smangal\AppData\Local\Temp\scoped_dir67396_15604}, takesHeapSnapshot=true, pageLoadStrategy=normal, databaseEnabled=false, handlesAlerts=true, hasTouchScreen=false, version=84.0.4147.105, platform=XP, browserConnectionEnabled=false, nativeEvents=true, acceptSslCerts=false, acceptInsecureCerts=false, locationContextEnabled=true, webStorageEnabled=true, browserName=chrome, takesScreenshot=true, javascriptEnabled=true, cssSelectorsEnabled=true, setWindowRect=true, unexpectedAlertBehaviour=}]
Session ID: bb0596fc5f15d213be5875b04ee601ee]]>
            </message>
            <full-stacktrace>
              <![CDATA[org.openqa.selenium.WebDriverException: unknown error: Element <span id="project-selector" class="popover-trigger-element dropdown-toggle left" data-toggle="dropdown" style="padding-bottom:8px;" title="...">TD_24July</span> is not clickable at point (273, 36). Other element would receive the click: <div id="processingPopupDiv" class="ui-widget-overlay" style="">...</div>
  (Session info: chrome=84.0.4147.105)
  (Driver info: chromedriver=2.36.540470 (e522d04694c7ebea4ba8821272dbef4f9b818c91),platform=Windows NT 10.0.17134 x86_64) (WARNING: The server did not provide any stacktrace information)
Command duration or timeout: 69 milliseconds
Build info: version: '3.4.0', revision: 'unknown', time: 'unknown'
System info: host: 'INLTP-SHILPIM', ip: '10.224.55.48', os.name: 'Windows 10', os.arch: 'amd64', os.version: '10.0', java.version: '1.8.0_181'
Driver info: org.openqa.selenium.chrome.ChromeDriver
Capabilities [{applicationCacheEnabled=false, rotatable=false, mobileEmulationEnabled=false, networkConnectionEnabled=false, chrome={chromedriverVersion=2.36.540470 (e522d04694c7ebea4ba8821272dbef4f9b818c91), userDataDir=C:\Users\smangal\AppData\Local\Temp\scoped_dir67396_15604}, takesHeapSnapshot=true, pageLoadStrategy=normal, databaseEnabled=false, handlesAlerts=true, hasTouchScreen=false, version=84.0.4147.105, platform=XP, browserConnectionEnabled=false, nativeEvents=true, acceptSslCerts=false, acceptInsecureCerts=false, locationContextEnabled=true, webStorageEnabled=true, browserName=chrome, takesScreenshot=true, javascriptEnabled=true, cssSelectorsEnabled=true, setWindowRect=true, unexpectedAlertBehaviour=}]
Session ID: bb0596fc5f15d213be5875b04ee601ee
	at sun.reflect.NativeConstructorAccessorImpl.newInstance0(Native Method)
	at sun.reflect.NativeConstructorAccessorImpl.newInstance(NativeConstructorAccessorImpl.java:62)
	at sun.reflect.DelegatingConstructorAccessorImpl.newInstance(DelegatingConstructorAccessorImpl.java:45)
	at java.lang.reflect.Constructor.newInstance(Constructor.java:423)
	at org.openqa.selenium.remote.ErrorHandler.createThrowable(ErrorHandler.java:215)
	at org.openqa.selenium.remote.ErrorHandler.throwIfResponseFailed(ErrorHandler.java:167)
	at org.openqa.selenium.remote.RemoteWebDriver.execute(RemoteWebDriver.java:671)
	at org.openqa.selenium.remote.RemoteWebElement.execute(RemoteWebElement.java:272)
	at org.openqa.selenium.remote.RemoteWebElement.click(RemoteWebElement.java:82)
	at automationLibrary.Element.waitAndClick(Element.java:257)
	at pageFactory.BaseClass.selectproject(BaseClass.java:196)
	at testScriptsRegression.DocView_Regression.VerifyAnalyticsChildWinodw(DocView_Regression.java:186)
	at sun.reflect.NativeMethodAccessorImpl.invoke0(Native Method)
	at sun.reflect.NativeMethodAccessorImpl.invoke(NativeMethodAccessorImpl.java:62)
	at sun.reflect.DelegatingMethodAccessorImpl.invoke(DelegatingMethodAccessorImpl.java:43)
	at java.lang.reflect.Method.invoke(Method.java:498)
	at org.testng.internal.MethodInvocationHelper.invokeMethod(MethodInvocationHelper.java:108)
	at org.testng.internal.Invoker.invokeMethod(Invoker.java:661)
	at org.testng.internal.Invoker.invokeTestMethod(Invoker.java:869)
	at org.testng.internal.Invoker.invokeTestMethods(Invoker.java:1193)
	at org.testng.internal.TestMethodWorker.invokeTestMethods(TestMethodWorker.java:126)
	at org.testng.internal.TestMethodWorker.run(TestMethodWorker.java:109)
	at org.testng.TestRunner.privateRun(TestRunner.java:744)
	at org.testng.TestRunner.run(TestRunner.java:602)
	at org.testng.SuiteRunner.runTest(SuiteRunner.java:380)
	at org.testng.SuiteRunner.runSequentially(SuiteRunner.java:375)
	at org.testng.SuiteRunner.privateRun(SuiteRunner.java:340)
	at org.testng.SuiteRunner.run(SuiteRunner.java:289)
	at org.testng.SuiteRunnerWorker.runSuite(SuiteRunnerWorker.java:52)
	at org.testng.SuiteRunnerWorker.run(SuiteRunnerWorker.java:86)
	at org.testng.TestNG.runSuitesSequentially(TestNG.java:1301)
	at org.testng.TestNG.runSuitesLocally(TestNG.java:1226)
	at org.testng.TestNG.runSuites(TestNG.java:1144)
	at org.testng.TestNG.run(TestNG.java:1115)
	at org.testng.remote.AbstractRemoteTestNG.run(AbstractRemoteTestNG.java:115)
	at org.testng.remote.RemoteTestNG.initAndRun(RemoteTestNG.java:251)
	at org.testng.remote.RemoteTestNG.main(RemoteTestNG.java:77)
]]>
            </full-stacktrace>
          </exception> <!-- org.openqa.selenium.WebDriverException -->
          <reporter-output>
          </reporter-output>
        </test-method> <!-- VerifyAnalyticsChildWinodw -->
        <test-method status="PASS" signature="takeScreenShot(org.testng.ITestResult)[pri:0, instance:testScriptsRegression.DocView_Regression@60c6f5b]" name="takeScreenShot" is-config="true" duration-ms="795" started-at="2020-08-11T13:21:26Z" finished-at="2020-08-11T13:21:27Z">
          <params>
            <param index="0">
              <value>
                <![CDATA[[TestResult name=VerifyAnalyticsChildWinodw status=FAILURE method=DocView_Regression.VerifyAnalyticsChildWinodw()[pri:8, instance:testScriptsRegression.DocView_Regression@60c6f5b] output={null}]]]>
              </value>
            </param>
          </params>
          <reporter-output>
            <line>
              <![CDATA[<a href='C:\Users\smangal\git\Sightline_QA_Automation_POM\sightline/Screenshots/DocView_Regression--VerifyAnalyticsChildWinodw.png'> <img src='C:\Users\smangal\git\Sightline_QA_Automation_POM\sightline/Screenshots/DocView_Regression--VerifyAnalyticsChildWinodw.png' height='100' width='100'/> </a>]]>
            </line>
          </reporter-output>
        </test-method> <!-- takeScreenShot -->
        <test-method status="PASS" signature="VerifyNearDupesCompwinodw()[pri:9, instance:testScriptsRegression.DocView_Regression@60c6f5b]" name="VerifyNearDupesCompwinodw" duration-ms="71133" started-at="2020-08-11T13:21:27Z" finished-at="2020-08-11T13:22:38Z">
          <reporter-output>
          </reporter-output>
        </test-method> <!-- VerifyNearDupesCompwinodw -->
        <test-method status="PASS" signature="takeScreenShot(org.testng.ITestResult)[pri:0, instance:testScriptsRegression.DocView_Regression@60c6f5b]" name="takeScreenShot" is-config="true" duration-ms="0" started-at="2020-08-11T13:22:38Z" finished-at="2020-08-11T13:22:38Z">
          <params>
            <param index="0">
              <value>
                <![CDATA[[TestResult name=VerifyNearDupesCompwinodw status=SUCCESS method=DocView_Regression.VerifyNearDupesCompwinodw()[pri:9, instance:testScriptsRegression.DocView_Regression@60c6f5b] output={null}]]]>
              </value>
            </param>
          </params>
          <reporter-output>
          </reporter-output>
        </test-method> <!-- takeScreenShot -->
        <test-method status="FAIL" signature="VerifyThreadedChildWinodw()[pri:10, instance:testScriptsRegression.DocView_Regression@60c6f5b]" name="VerifyThreadedChildWinodw" duration-ms="97222" started-at="2020-08-11T13:22:38Z" finished-at="2020-08-11T13:24:15Z">
          <exception class="org.openqa.selenium.NoSuchElementException">
            <message>
              <![CDATA[no such element: Unable to locate element: {"method":"xpath","selector":"//*[@id='threadedCheckBoxRow']//th[2]//input[contains(@id,'threadedDocumentCheckboxHeader')]/following-sibling::i"}
  (Session info: chrome=84.0.4147.105)
  (Driver info: chromedriver=2.36.540470 (e522d04694c7ebea4ba8821272dbef4f9b818c91),platform=Windows NT 10.0.17134 x86_64) (WARNING: The server did not provide any stacktrace information)
Command duration or timeout: 12 milliseconds
For documentation on this error, please visit: http://seleniumhq.org/exceptions/no_such_element.html
Build info: version: '3.4.0', revision: 'unknown', time: 'unknown'
System info: host: 'INLTP-SHILPIM', ip: '10.224.55.48', os.name: 'Windows 10', os.arch: 'amd64', os.version: '10.0', java.version: '1.8.0_181'
Driver info: org.openqa.selenium.chrome.ChromeDriver
Capabilities [{applicationCacheEnabled=false, rotatable=false, mobileEmulationEnabled=false, networkConnectionEnabled=false, chrome={chromedriverVersion=2.36.540470 (e522d04694c7ebea4ba8821272dbef4f9b818c91), userDataDir=C:\Users\smangal\AppData\Local\Temp\scoped_dir67396_15604}, takesHeapSnapshot=true, pageLoadStrategy=normal, databaseEnabled=false, handlesAlerts=true, hasTouchScreen=false, version=84.0.4147.105, platform=XP, browserConnectionEnabled=false, nativeEvents=true, acceptSslCerts=false, acceptInsecureCerts=false, locationContextEnabled=true, webStorageEnabled=true, browserName=chrome, takesScreenshot=true, javascriptEnabled=true, cssSelectorsEnabled=true, setWindowRect=true, unexpectedAlertBehaviour=}]
Session ID: bb0596fc5f15d213be5875b04ee601ee
*** Element info: {Using=xpath, value=//*[@id='threadedCheckBoxRow']//th[2]//input[contains(@id,'threadedDocumentCheckboxHeader')]/following-sibling::i}]]>
            </message>
            <full-stacktrace>
              <![CDATA[org.openqa.selenium.NoSuchElementException: no such element: Unable to locate element: {"method":"xpath","selector":"//*[@id='threadedCheckBoxRow']//th[2]//input[contains(@id,'threadedDocumentCheckboxHeader')]/following-sibling::i"}
  (Session info: chrome=84.0.4147.105)
  (Driver info: chromedriver=2.36.540470 (e522d04694c7ebea4ba8821272dbef4f9b818c91),platform=Windows NT 10.0.17134 x86_64) (WARNING: The server did not provide any stacktrace information)
Command duration or timeout: 12 milliseconds
For documentation on this error, please visit: http://seleniumhq.org/exceptions/no_such_element.html
Build info: version: '3.4.0', revision: 'unknown', time: 'unknown'
System info: host: 'INLTP-SHILPIM', ip: '10.224.55.48', os.name: 'Windows 10', os.arch: 'amd64', os.version: '10.0', java.version: '1.8.0_181'
Driver info: org.openqa.selenium.chrome.ChromeDriver
Capabilities [{applicationCacheEnabled=false, rotatable=false, mobileEmulationEnabled=false, networkConnectionEnabled=false, chrome={chromedriverVersion=2.36.540470 (e522d04694c7ebea4ba8821272dbef4f9b818c91), userDataDir=C:\Users\smangal\AppData\Local\Temp\scoped_dir67396_15604}, takesHeapSnapshot=true, pageLoadStrategy=normal, databaseEnabled=false, handlesAlerts=true, hasTouchScreen=false, version=84.0.4147.105, platform=XP, browserConnectionEnabled=false, nativeEvents=true, acceptSslCerts=false, acceptInsecureCerts=false, locationContextEnabled=true, webStorageEnabled=true, browserName=chrome, takesScreenshot=true, javascriptEnabled=true, cssSelectorsEnabled=true, setWindowRect=true, unexpectedAlertBehaviour=}]
Session ID: bb0596fc5f15d213be5875b04ee601ee
*** Element info: {Using=xpath, value=//*[@id='threadedCheckBoxRow']//th[2]//input[contains(@id,'threadedDocumentCheckboxHeader')]/following-sibling::i}
	at sun.reflect.GeneratedConstructorAccessor13.newInstance(Unknown Source)
	at sun.reflect.DelegatingConstructorAccessorImpl.newInstance(DelegatingConstructorAccessorImpl.java:45)
	at java.lang.reflect.Constructor.newInstance(Constructor.java:423)
	at org.openqa.selenium.remote.ErrorHandler.createThrowable(ErrorHandler.java:215)
	at org.openqa.selenium.remote.ErrorHandler.throwIfResponseFailed(ErrorHandler.java:167)
	at org.openqa.selenium.remote.RemoteWebDriver.execute(RemoteWebDriver.java:671)
	at org.openqa.selenium.remote.RemoteWebDriver.findElement(RemoteWebDriver.java:410)
	at org.openqa.selenium.remote.RemoteWebDriver.findElementByXPath(RemoteWebDriver.java:509)
	at org.openqa.selenium.By$ByXPath.findElement(By.java:361)
	at org.openqa.selenium.remote.RemoteWebDriver.findElement(RemoteWebDriver.java:402)
	at automationLibrary.Element.AssertExists(Element.java:501)
	at automationLibrary.Element.waitAndClick(Element.java:256)
	at pageFactory.DocViewPage.AnalyticsActions(DocViewPage.java:1087)
	at testScriptsRegression.DocView_Regression.VerifyThreadedChildWinodw(DocView_Regression.java:229)
	at sun.reflect.NativeMethodAccessorImpl.invoke0(Native Method)
	at sun.reflect.NativeMethodAccessorImpl.invoke(NativeMethodAccessorImpl.java:62)
	at sun.reflect.DelegatingMethodAccessorImpl.invoke(DelegatingMethodAccessorImpl.java:43)
	at java.lang.reflect.Method.invoke(Method.java:498)
	at org.testng.internal.MethodInvocationHelper.invokeMethod(MethodInvocationHelper.java:108)
	at org.testng.internal.Invoker.invokeMethod(Invoker.java:661)
	at org.testng.internal.Invoker.invokeTestMethod(Invoker.java:869)
	at org.testng.internal.Invoker.invokeTestMethods(Invoker.java:1193)
	at org.testng.internal.TestMethodWorker.invokeTestMethods(TestMethodWorker.java:126)
	at org.testng.internal.TestMethodWorker.run(TestMethodWorker.java:109)
	at org.testng.TestRunner.privateRun(TestRunner.java:744)
	at org.testng.TestRunner.run(TestRunner.java:602)
	at org.testng.SuiteRunner.runTest(SuiteRunner.java:380)
	at org.testng.SuiteRunner.runSequentially(SuiteRunner.java:375)
	at org.testng.SuiteRunner.privateRun(SuiteRunner.java:340)
	at org.testng.SuiteRunner.run(SuiteRunner.java:289)
	at org.testng.SuiteRunnerWorker.runSuite(SuiteRunnerWorker.java:52)
	at org.testng.SuiteRunnerWorker.run(SuiteRunnerWorker.java:86)
	at org.testng.TestNG.runSuitesSequentially(TestNG.java:1301)
	at org.testng.TestNG.runSuitesLocally(TestNG.java:1226)
	at org.testng.TestNG.runSuites(TestNG.java:1144)
	at org.testng.TestNG.run(TestNG.java:1115)
	at org.testng.remote.AbstractRemoteTestNG.run(AbstractRemoteTestNG.java:115)
	at org.testng.remote.RemoteTestNG.initAndRun(RemoteTestNG.java:251)
	at org.testng.remote.RemoteTestNG.main(RemoteTestNG.java:77)
]]>
            </full-stacktrace>
          </exception> <!-- org.openqa.selenium.NoSuchElementException -->
          <reporter-output>
          </reporter-output>
        </test-method> <!-- VerifyThreadedChildWinodw -->
        <test-method status="PASS" signature="takeScreenShot(org.testng.ITestResult)[pri:0, instance:testScriptsRegression.DocView_Regression@60c6f5b]" name="takeScreenShot" is-config="true" duration-ms="479" started-at="2020-08-11T13:24:15Z" finished-at="2020-08-11T13:24:16Z">
          <params>
            <param index="0">
              <value>
                <![CDATA[[TestResult name=VerifyThreadedChildWinodw status=FAILURE method=DocView_Regression.VerifyThreadedChildWinodw()[pri:10, instance:testScriptsRegression.DocView_Regression@60c6f5b] output={null}]]]>
              </value>
            </param>
          </params>
          <reporter-output>
            <line>
              <![CDATA[<a href='C:\Users\smangal\git\Sightline_QA_Automation_POM\sightline/Screenshots/DocView_Regression--VerifyThreadedChildWinodw.png'> <img src='C:\Users\smangal\git\Sightline_QA_Automation_POM\sightline/Screenshots/DocView_Regression--VerifyThreadedChildWinodw.png' height='100' width='100'/> </a>]]>
            </line>
          </reporter-output>
        </test-method> <!-- takeScreenShot -->
        <test-method status="FAIL" signature="NonAudioRemarkAddEditDeletebyReviewer()[pri:11, instance:testScriptsRegression.DocView_Regression@60c6f5b]" name="NonAudioRemarkAddEditDeletebyReviewer" duration-ms="19586" started-at="2020-08-11T13:24:16Z" finished-at="2020-08-11T13:24:35Z">
          <exception class="org.openqa.selenium.NoSuchElementException">
            <message>
              <![CDATA[no such element: Unable to locate element: {"method":"xpath","selector":"//*[@id='SearchDataTable']//td[contains(text(),'ID00000125')]"}
  (Session info: chrome=84.0.4147.105)
  (Driver info: chromedriver=2.36.540470 (e522d04694c7ebea4ba8821272dbef4f9b818c91),platform=Windows NT 10.0.17134 x86_64) (WARNING: The server did not provide any stacktrace information)
Command duration or timeout: 12 milliseconds
For documentation on this error, please visit: http://seleniumhq.org/exceptions/no_such_element.html
Build info: version: '3.4.0', revision: 'unknown', time: 'unknown'
System info: host: 'INLTP-SHILPIM', ip: '10.224.55.48', os.name: 'Windows 10', os.arch: 'amd64', os.version: '10.0', java.version: '1.8.0_181'
Driver info: org.openqa.selenium.chrome.ChromeDriver
Capabilities [{applicationCacheEnabled=false, rotatable=false, mobileEmulationEnabled=false, networkConnectionEnabled=false, chrome={chromedriverVersion=2.36.540470 (e522d04694c7ebea4ba8821272dbef4f9b818c91), userDataDir=C:\Users\smangal\AppData\Local\Temp\scoped_dir67396_15604}, takesHeapSnapshot=true, pageLoadStrategy=normal, databaseEnabled=false, handlesAlerts=true, hasTouchScreen=false, version=84.0.4147.105, platform=XP, browserConnectionEnabled=false, nativeEvents=true, acceptSslCerts=false, acceptInsecureCerts=false, locationContextEnabled=true, webStorageEnabled=true, browserName=chrome, takesScreenshot=true, javascriptEnabled=true, cssSelectorsEnabled=true, setWindowRect=true, unexpectedAlertBehaviour=}]
Session ID: bb0596fc5f15d213be5875b04ee601ee
*** Element info: {Using=xpath, value=//*[@id='SearchDataTable']//td[contains(text(),'ID00000125')]}]]>
            </message>
            <full-stacktrace>
              <![CDATA[org.openqa.selenium.NoSuchElementException: no such element: Unable to locate element: {"method":"xpath","selector":"//*[@id='SearchDataTable']//td[contains(text(),'ID00000125')]"}
  (Session info: chrome=84.0.4147.105)
  (Driver info: chromedriver=2.36.540470 (e522d04694c7ebea4ba8821272dbef4f9b818c91),platform=Windows NT 10.0.17134 x86_64) (WARNING: The server did not provide any stacktrace information)
Command duration or timeout: 12 milliseconds
For documentation on this error, please visit: http://seleniumhq.org/exceptions/no_such_element.html
Build info: version: '3.4.0', revision: 'unknown', time: 'unknown'
System info: host: 'INLTP-SHILPIM', ip: '10.224.55.48', os.name: 'Windows 10', os.arch: 'amd64', os.version: '10.0', java.version: '1.8.0_181'
Driver info: org.openqa.selenium.chrome.ChromeDriver
Capabilities [{applicationCacheEnabled=false, rotatable=false, mobileEmulationEnabled=false, networkConnectionEnabled=false, chrome={chromedriverVersion=2.36.540470 (e522d04694c7ebea4ba8821272dbef4f9b818c91), userDataDir=C:\Users\smangal\AppData\Local\Temp\scoped_dir67396_15604}, takesHeapSnapshot=true, pageLoadStrategy=normal, databaseEnabled=false, handlesAlerts=true, hasTouchScreen=false, version=84.0.4147.105, platform=XP, browserConnectionEnabled=false, nativeEvents=true, acceptSslCerts=false, acceptInsecureCerts=false, locationContextEnabled=true, webStorageEnabled=true, browserName=chrome, takesScreenshot=true, javascriptEnabled=true, cssSelectorsEnabled=true, setWindowRect=true, unexpectedAlertBehaviour=}]
Session ID: bb0596fc5f15d213be5875b04ee601ee
*** Element info: {Using=xpath, value=//*[@id='SearchDataTable']//td[contains(text(),'ID00000125')]}
	at sun.reflect.GeneratedConstructorAccessor13.newInstance(Unknown Source)
	at sun.reflect.DelegatingConstructorAccessorImpl.newInstance(DelegatingConstructorAccessorImpl.java:45)
	at java.lang.reflect.Constructor.newInstance(Constructor.java:423)
	at org.openqa.selenium.remote.ErrorHandler.createThrowable(ErrorHandler.java:215)
	at org.openqa.selenium.remote.ErrorHandler.throwIfResponseFailed(ErrorHandler.java:167)
	at org.openqa.selenium.remote.RemoteWebDriver.execute(RemoteWebDriver.java:671)
	at org.openqa.selenium.remote.RemoteWebDriver.findElement(RemoteWebDriver.java:410)
	at org.openqa.selenium.remote.RemoteWebDriver.findElementByXPath(RemoteWebDriver.java:509)
	at org.openqa.selenium.By$ByXPath.findElement(By.java:361)
	at org.openqa.selenium.remote.RemoteWebDriver.findElement(RemoteWebDriver.java:402)
	at automationLibrary.Element.AssertExists(Element.java:501)
	at automationLibrary.Element.waitAndClick(Element.java:256)
	at pageFactory.DocViewPage.addRemarkNonAudioDoc(DocViewPage.java:324)
	at testScriptsRegression.DocView_Regression.NonAudioRemarkAddEditDeletebyReviewer(DocView_Regression.java:236)
	at sun.reflect.NativeMethodAccessorImpl.invoke0(Native Method)
	at sun.reflect.NativeMethodAccessorImpl.invoke(NativeMethodAccessorImpl.java:62)
	at sun.reflect.DelegatingMethodAccessorImpl.invoke(DelegatingMethodAccessorImpl.java:43)
	at java.lang.reflect.Method.invoke(Method.java:498)
	at org.testng.internal.MethodInvocationHelper.invokeMethod(MethodInvocationHelper.java:108)
	at org.testng.internal.Invoker.invokeMethod(Invoker.java:661)
	at org.testng.internal.Invoker.invokeTestMethod(Invoker.java:869)
	at org.testng.internal.Invoker.invokeTestMethods(Invoker.java:1193)
	at org.testng.internal.TestMethodWorker.invokeTestMethods(TestMethodWorker.java:126)
	at org.testng.internal.TestMethodWorker.run(TestMethodWorker.java:109)
	at org.testng.TestRunner.privateRun(TestRunner.java:744)
	at org.testng.TestRunner.run(TestRunner.java:602)
	at org.testng.SuiteRunner.runTest(SuiteRunner.java:380)
	at org.testng.SuiteRunner.runSequentially(SuiteRunner.java:375)
	at org.testng.SuiteRunner.privateRun(SuiteRunner.java:340)
	at org.testng.SuiteRunner.run(SuiteRunner.java:289)
	at org.testng.SuiteRunnerWorker.runSuite(SuiteRunnerWorker.java:52)
	at org.testng.SuiteRunnerWorker.run(SuiteRunnerWorker.java:86)
	at org.testng.TestNG.runSuitesSequentially(TestNG.java:1301)
	at org.testng.TestNG.runSuitesLocally(TestNG.java:1226)
	at org.testng.TestNG.runSuites(TestNG.java:1144)
	at org.testng.TestNG.run(TestNG.java:1115)
	at org.testng.remote.AbstractRemoteTestNG.run(AbstractRemoteTestNG.java:115)
	at org.testng.remote.RemoteTestNG.initAndRun(RemoteTestNG.java:251)
	at org.testng.remote.RemoteTestNG.main(RemoteTestNG.java:77)
]]>
            </full-stacktrace>
          </exception> <!-- org.openqa.selenium.NoSuchElementException -->
          <reporter-output>
          </reporter-output>
        </test-method> <!-- NonAudioRemarkAddEditDeletebyReviewer -->
        <test-method status="PASS" signature="takeScreenShot(org.testng.ITestResult)[pri:0, instance:testScriptsRegression.DocView_Regression@60c6f5b]" name="takeScreenShot" is-config="true" duration-ms="450" started-at="2020-08-11T13:24:35Z" finished-at="2020-08-11T13:24:36Z">
          <params>
            <param index="0">
              <value>
                <![CDATA[[TestResult name=NonAudioRemarkAddEditDeletebyReviewer status=FAILURE method=DocView_Regression.NonAudioRemarkAddEditDeletebyReviewer()[pri:11, instance:testScriptsRegression.DocView_Regression@60c6f5b] output={null}]]]>
              </value>
            </param>
          </params>
          <reporter-output>
            <line>
              <![CDATA[<a href='C:\Users\smangal\git\Sightline_QA_Automation_POM\sightline/Screenshots/DocView_Regression--NonAudioRemarkAddEditDeletebyReviewer.png'> <img src='C:\Users\smangal\git\Sightline_QA_Automation_POM\sightline/Screenshots/DocView_Regression--NonAudioRemarkAddEditDeletebyReviewer.png' height='100' width='100'/> </a>]]>
            </line>
          </reporter-output>
        </test-method> <!-- takeScreenShot -->
        <test-method status="PASS" signature="VerifyAnalytics_FamilyActions()[pri:12, instance:testScriptsRegression.DocView_Regression@60c6f5b]" name="VerifyAnalytics_FamilyActions" duration-ms="91104" started-at="2020-08-11T13:24:36Z" finished-at="2020-08-11T13:26:07Z">
          <reporter-output>
          </reporter-output>
        </test-method> <!-- VerifyAnalytics_FamilyActions -->
        <test-method status="FAIL" signature="VerifyMiniDoclistFolderAction()[pri:13, instance:testScriptsRegression.DocView_Regression@60c6f5b]" name="VerifyMiniDoclistFolderAction" duration-ms="60771" started-at="2020-08-11T13:26:07Z" finished-at="2020-08-11T13:27:08Z">
          <exception class="org.openqa.selenium.NoSuchElementException">
            <message>
              <![CDATA[no such element: Unable to locate element: {"method":"id","selector":"wEdit"}
  (Session info: chrome=84.0.4147.105)
  (Driver info: chromedriver=2.36.540470 (e522d04694c7ebea4ba8821272dbef4f9b818c91),platform=Windows NT 10.0.17134 x86_64) (WARNING: The server did not provide any stacktrace information)
Command duration or timeout: 23 milliseconds
For documentation on this error, please visit: http://seleniumhq.org/exceptions/no_such_element.html
Build info: version: '3.4.0', revision: 'unknown', time: 'unknown'
System info: host: 'INLTP-SHILPIM', ip: '10.224.55.48', os.name: 'Windows 10', os.arch: 'amd64', os.version: '10.0', java.version: '1.8.0_181'
Driver info: org.openqa.selenium.chrome.ChromeDriver
Capabilities [{applicationCacheEnabled=false, rotatable=false, mobileEmulationEnabled=false, networkConnectionEnabled=false, chrome={chromedriverVersion=2.36.540470 (e522d04694c7ebea4ba8821272dbef4f9b818c91), userDataDir=C:\Users\smangal\AppData\Local\Temp\scoped_dir67396_15604}, takesHeapSnapshot=true, pageLoadStrategy=normal, databaseEnabled=false, handlesAlerts=true, hasTouchScreen=false, version=84.0.4147.105, platform=XP, browserConnectionEnabled=false, nativeEvents=true, acceptSslCerts=false, acceptInsecureCerts=false, locationContextEnabled=true, webStorageEnabled=true, browserName=chrome, takesScreenshot=true, javascriptEnabled=true, cssSelectorsEnabled=true, setWindowRect=true, unexpectedAlertBehaviour=}]
Session ID: bb0596fc5f15d213be5875b04ee601ee
*** Element info: {Using=id, value=wEdit}]]>
            </message>
            <full-stacktrace>
              <![CDATA[org.openqa.selenium.NoSuchElementException: no such element: Unable to locate element: {"method":"id","selector":"wEdit"}
  (Session info: chrome=84.0.4147.105)
  (Driver info: chromedriver=2.36.540470 (e522d04694c7ebea4ba8821272dbef4f9b818c91),platform=Windows NT 10.0.17134 x86_64) (WARNING: The server did not provide any stacktrace information)
Command duration or timeout: 23 milliseconds
For documentation on this error, please visit: http://seleniumhq.org/exceptions/no_such_element.html
Build info: version: '3.4.0', revision: 'unknown', time: 'unknown'
System info: host: 'INLTP-SHILPIM', ip: '10.224.55.48', os.name: 'Windows 10', os.arch: 'amd64', os.version: '10.0', java.version: '1.8.0_181'
Driver info: org.openqa.selenium.chrome.ChromeDriver
Capabilities [{applicationCacheEnabled=false, rotatable=false, mobileEmulationEnabled=false, networkConnectionEnabled=false, chrome={chromedriverVersion=2.36.540470 (e522d04694c7ebea4ba8821272dbef4f9b818c91), userDataDir=C:\Users\smangal\AppData\Local\Temp\scoped_dir67396_15604}, takesHeapSnapshot=true, pageLoadStrategy=normal, databaseEnabled=false, handlesAlerts=true, hasTouchScreen=false, version=84.0.4147.105, platform=XP, browserConnectionEnabled=false, nativeEvents=true, acceptSslCerts=false, acceptInsecureCerts=false, locationContextEnabled=true, webStorageEnabled=true, browserName=chrome, takesScreenshot=true, javascriptEnabled=true, cssSelectorsEnabled=true, setWindowRect=true, unexpectedAlertBehaviour=}]
Session ID: bb0596fc5f15d213be5875b04ee601ee
*** Element info: {Using=id, value=wEdit}
	at sun.reflect.GeneratedConstructorAccessor13.newInstance(Unknown Source)
	at sun.reflect.DelegatingConstructorAccessorImpl.newInstance(DelegatingConstructorAccessorImpl.java:45)
	at java.lang.reflect.Constructor.newInstance(Constructor.java:423)
	at org.openqa.selenium.remote.ErrorHandler.createThrowable(ErrorHandler.java:215)
	at org.openqa.selenium.remote.ErrorHandler.throwIfResponseFailed(ErrorHandler.java:167)
	at org.openqa.selenium.remote.RemoteWebDriver.execute(RemoteWebDriver.java:671)
	at org.openqa.selenium.remote.RemoteWebDriver.findElement(RemoteWebDriver.java:410)
	at org.openqa.selenium.remote.RemoteWebDriver.findElementById(RemoteWebDriver.java:453)
	at org.openqa.selenium.By$ById.findElement(By.java:218)
	at org.openqa.selenium.remote.RemoteWebDriver.findElement(RemoteWebDriver.java:402)
	at automationLibrary.Element.AssertExists(Element.java:501)
	at automationLibrary.Element.waitAndClick(Element.java:256)
	at pageFactory.DocViewPage.MiniDoclistFolderAction(DocViewPage.java:1201)
	at testScriptsRegression.DocView_Regression.VerifyMiniDoclistFolderAction(DocView_Regression.java:286)
	at sun.reflect.NativeMethodAccessorImpl.invoke0(Native Method)
	at sun.reflect.NativeMethodAccessorImpl.invoke(NativeMethodAccessorImpl.java:62)
	at sun.reflect.DelegatingMethodAccessorImpl.invoke(DelegatingMethodAccessorImpl.java:43)
	at java.lang.reflect.Method.invoke(Method.java:498)
	at org.testng.internal.MethodInvocationHelper.invokeMethod(MethodInvocationHelper.java:108)
	at org.testng.internal.Invoker.invokeMethod(Invoker.java:661)
	at org.testng.internal.Invoker.invokeTestMethod(Invoker.java:869)
	at org.testng.internal.Invoker.invokeTestMethods(Invoker.java:1193)
	at org.testng.internal.TestMethodWorker.invokeTestMethods(TestMethodWorker.java:126)
	at org.testng.internal.TestMethodWorker.run(TestMethodWorker.java:109)
	at org.testng.TestRunner.privateRun(TestRunner.java:744)
	at org.testng.TestRunner.run(TestRunner.java:602)
	at org.testng.SuiteRunner.runTest(SuiteRunner.java:380)
	at org.testng.SuiteRunner.runSequentially(SuiteRunner.java:375)
	at org.testng.SuiteRunner.privateRun(SuiteRunner.java:340)
	at org.testng.SuiteRunner.run(SuiteRunner.java:289)
	at org.testng.SuiteRunnerWorker.runSuite(SuiteRunnerWorker.java:52)
	at org.testng.SuiteRunnerWorker.run(SuiteRunnerWorker.java:86)
	at org.testng.TestNG.runSuitesSequentially(TestNG.java:1301)
	at org.testng.TestNG.runSuitesLocally(TestNG.java:1226)
	at org.testng.TestNG.runSuites(TestNG.java:1144)
	at org.testng.TestNG.run(TestNG.java:1115)
	at org.testng.remote.AbstractRemoteTestNG.run(AbstractRemoteTestNG.java:115)
	at org.testng.remote.RemoteTestNG.initAndRun(RemoteTestNG.java:251)
	at org.testng.remote.RemoteTestNG.main(RemoteTestNG.java:77)
]]>
            </full-stacktrace>
          </exception> <!-- org.openqa.selenium.NoSuchElementException -->
          <reporter-output>
          </reporter-output>
        </test-method> <!-- VerifyMiniDoclistFolderAction -->
        <test-method status="PASS" signature="takeScreenShot(org.testng.ITestResult)[pri:0, instance:testScriptsRegression.DocView_Regression@60c6f5b]" name="takeScreenShot" is-config="true" duration-ms="0" started-at="2020-08-11T13:26:07Z" finished-at="2020-08-11T13:26:07Z">
          <params>
            <param index="0">
              <value>
                <![CDATA[[TestResult name=VerifyAnalytics_FamilyActions status=SUCCESS method=DocView_Regression.VerifyAnalytics_FamilyActions()[pri:12, instance:testScriptsRegression.DocView_Regression@60c6f5b] output={null}]]]>
              </value>
            </param>
          </params>
          <reporter-output>
          </reporter-output>
        </test-method> <!-- takeScreenShot -->
        <test-method status="PASS" signature="takeScreenShot(org.testng.ITestResult)[pri:0, instance:testScriptsRegression.DocView_Regression@60c6f5b]" name="takeScreenShot" is-config="true" duration-ms="447" started-at="2020-08-11T13:27:08Z" finished-at="2020-08-11T13:27:08Z">
          <params>
            <param index="0">
              <value>
                <![CDATA[[TestResult name=VerifyMiniDoclistFolderAction status=FAILURE method=DocView_Regression.VerifyMiniDoclistFolderAction()[pri:13, instance:testScriptsRegression.DocView_Regression@60c6f5b] output={null}]]]>
              </value>
            </param>
          </params>
          <reporter-output>
            <line>
              <![CDATA[<a href='C:\Users\smangal\git\Sightline_QA_Automation_POM\sightline/Screenshots/DocView_Regression--VerifyMiniDoclistFolderAction.png'> <img src='C:\Users\smangal\git\Sightline_QA_Automation_POM\sightline/Screenshots/DocView_Regression--VerifyMiniDoclistFolderAction.png' height='100' width='100'/> </a>]]>
            </line>
          </reporter-output>
        </test-method> <!-- takeScreenShot -->
        <test-method status="FAIL" signature="VerifyTabswhenAllprefEnabled()[pri:14, instance:testScriptsRegression.DocView_Regression@60c6f5b]" name="VerifyTabswhenAllprefEnabled" duration-ms="58000" started-at="2020-08-11T13:27:08Z" finished-at="2020-08-11T13:28:06Z">
          <exception class="org.openqa.selenium.NoSuchElementException">
            <message>
              <![CDATA[no such element: Unable to locate element: {"method":"xpath","selector":"//*[@id='gray-tab']//a"}
  (Session info: chrome=84.0.4147.105)
  (Driver info: chromedriver=2.36.540470 (e522d04694c7ebea4ba8821272dbef4f9b818c91),platform=Windows NT 10.0.17134 x86_64) (WARNING: The server did not provide any stacktrace information)
Command duration or timeout: 11 milliseconds
For documentation on this error, please visit: http://seleniumhq.org/exceptions/no_such_element.html
Build info: version: '3.4.0', revision: 'unknown', time: 'unknown'
System info: host: 'INLTP-SHILPIM', ip: '10.224.55.48', os.name: 'Windows 10', os.arch: 'amd64', os.version: '10.0', java.version: '1.8.0_181'
Driver info: org.openqa.selenium.chrome.ChromeDriver
Capabilities [{applicationCacheEnabled=false, rotatable=false, mobileEmulationEnabled=false, networkConnectionEnabled=false, chrome={chromedriverVersion=2.36.540470 (e522d04694c7ebea4ba8821272dbef4f9b818c91), userDataDir=C:\Users\smangal\AppData\Local\Temp\scoped_dir67396_15604}, takesHeapSnapshot=true, pageLoadStrategy=normal, databaseEnabled=false, handlesAlerts=true, hasTouchScreen=false, version=84.0.4147.105, platform=XP, browserConnectionEnabled=false, nativeEvents=true, acceptSslCerts=false, acceptInsecureCerts=false, locationContextEnabled=true, webStorageEnabled=true, browserName=chrome, takesScreenshot=true, javascriptEnabled=true, cssSelectorsEnabled=true, setWindowRect=true, unexpectedAlertBehaviour=}]
Session ID: bb0596fc5f15d213be5875b04ee601ee
*** Element info: {Using=xpath, value=//*[@id='gray-tab']//a}]]>
            </message>
            <full-stacktrace>
              <![CDATA[org.openqa.selenium.NoSuchElementException: no such element: Unable to locate element: {"method":"xpath","selector":"//*[@id='gray-tab']//a"}
  (Session info: chrome=84.0.4147.105)
  (Driver info: chromedriver=2.36.540470 (e522d04694c7ebea4ba8821272dbef4f9b818c91),platform=Windows NT 10.0.17134 x86_64) (WARNING: The server did not provide any stacktrace information)
Command duration or timeout: 11 milliseconds
For documentation on this error, please visit: http://seleniumhq.org/exceptions/no_such_element.html
Build info: version: '3.4.0', revision: 'unknown', time: 'unknown'
System info: host: 'INLTP-SHILPIM', ip: '10.224.55.48', os.name: 'Windows 10', os.arch: 'amd64', os.version: '10.0', java.version: '1.8.0_181'
Driver info: org.openqa.selenium.chrome.ChromeDriver
Capabilities [{applicationCacheEnabled=false, rotatable=false, mobileEmulationEnabled=false, networkConnectionEnabled=false, chrome={chromedriverVersion=2.36.540470 (e522d04694c7ebea4ba8821272dbef4f9b818c91), userDataDir=C:\Users\smangal\AppData\Local\Temp\scoped_dir67396_15604}, takesHeapSnapshot=true, pageLoadStrategy=normal, databaseEnabled=false, handlesAlerts=true, hasTouchScreen=false, version=84.0.4147.105, platform=XP, browserConnectionEnabled=false, nativeEvents=true, acceptSslCerts=false, acceptInsecureCerts=false, locationContextEnabled=true, webStorageEnabled=true, browserName=chrome, takesScreenshot=true, javascriptEnabled=true, cssSelectorsEnabled=true, setWindowRect=true, unexpectedAlertBehaviour=}]
Session ID: bb0596fc5f15d213be5875b04ee601ee
*** Element info: {Using=xpath, value=//*[@id='gray-tab']//a}
	at sun.reflect.GeneratedConstructorAccessor13.newInstance(Unknown Source)
	at sun.reflect.DelegatingConstructorAccessorImpl.newInstance(DelegatingConstructorAccessorImpl.java:45)
	at java.lang.reflect.Constructor.newInstance(Constructor.java:423)
	at org.openqa.selenium.remote.ErrorHandler.createThrowable(ErrorHandler.java:215)
	at org.openqa.selenium.remote.ErrorHandler.throwIfResponseFailed(ErrorHandler.java:167)
	at org.openqa.selenium.remote.RemoteWebDriver.execute(RemoteWebDriver.java:671)
	at org.openqa.selenium.remote.RemoteWebDriver.findElement(RemoteWebDriver.java:410)
	at org.openqa.selenium.remote.RemoteWebDriver.findElementByXPath(RemoteWebDriver.java:509)
	at org.openqa.selenium.By$ByXPath.findElement(By.java:361)
	at org.openqa.selenium.remote.RemoteWebDriver.findElement(RemoteWebDriver.java:402)
	at automationLibrary.Element.AssertExists(Element.java:501)
	at automationLibrary.Element.Displayed(Element.java:116)
	at pageFactory.DocViewPage.VerifyTabswhenAllprefEnabled(DocViewPage.java:847)
	at testScriptsRegression.DocView_Regression.VerifyTabswhenAllprefEnabled(DocView_Regression.java:302)
	at sun.reflect.NativeMethodAccessorImpl.invoke0(Native Method)
	at sun.reflect.NativeMethodAccessorImpl.invoke(NativeMethodAccessorImpl.java:62)
	at sun.reflect.DelegatingMethodAccessorImpl.invoke(DelegatingMethodAccessorImpl.java:43)
	at java.lang.reflect.Method.invoke(Method.java:498)
	at org.testng.internal.MethodInvocationHelper.invokeMethod(MethodInvocationHelper.java:108)
	at org.testng.internal.Invoker.invokeMethod(Invoker.java:661)
	at org.testng.internal.Invoker.invokeTestMethod(Invoker.java:869)
	at org.testng.internal.Invoker.invokeTestMethods(Invoker.java:1193)
	at org.testng.internal.TestMethodWorker.invokeTestMethods(TestMethodWorker.java:126)
	at org.testng.internal.TestMethodWorker.run(TestMethodWorker.java:109)
	at org.testng.TestRunner.privateRun(TestRunner.java:744)
	at org.testng.TestRunner.run(TestRunner.java:602)
	at org.testng.SuiteRunner.runTest(SuiteRunner.java:380)
	at org.testng.SuiteRunner.runSequentially(SuiteRunner.java:375)
	at org.testng.SuiteRunner.privateRun(SuiteRunner.java:340)
	at org.testng.SuiteRunner.run(SuiteRunner.java:289)
	at org.testng.SuiteRunnerWorker.runSuite(SuiteRunnerWorker.java:52)
	at org.testng.SuiteRunnerWorker.run(SuiteRunnerWorker.java:86)
	at org.testng.TestNG.runSuitesSequentially(TestNG.java:1301)
	at org.testng.TestNG.runSuitesLocally(TestNG.java:1226)
	at org.testng.TestNG.runSuites(TestNG.java:1144)
	at org.testng.TestNG.run(TestNG.java:1115)
	at org.testng.remote.AbstractRemoteTestNG.run(AbstractRemoteTestNG.java:115)
	at org.testng.remote.RemoteTestNG.initAndRun(RemoteTestNG.java:251)
	at org.testng.remote.RemoteTestNG.main(RemoteTestNG.java:77)
]]>
            </full-stacktrace>
          </exception> <!-- org.openqa.selenium.NoSuchElementException -->
          <reporter-output>
          </reporter-output>
        </test-method> <!-- VerifyTabswhenAllprefEnabled -->
        <test-method status="PASS" signature="takeScreenShot(org.testng.ITestResult)[pri:0, instance:testScriptsRegression.DocView_Regression@60c6f5b]" name="takeScreenShot" is-config="true" duration-ms="462" started-at="2020-08-11T13:28:06Z" finished-at="2020-08-11T13:28:07Z">
          <params>
            <param index="0">
              <value>
                <![CDATA[[TestResult name=VerifyTabswhenAllprefEnabled status=FAILURE method=DocView_Regression.VerifyTabswhenAllprefEnabled()[pri:14, instance:testScriptsRegression.DocView_Regression@60c6f5b] output={null}]]]>
              </value>
            </param>
          </params>
          <reporter-output>
            <line>
              <![CDATA[<a href='C:\Users\smangal\git\Sightline_QA_Automation_POM\sightline/Screenshots/DocView_Regression--VerifyTabswhenAllprefEnabled.png'> <img src='C:\Users\smangal\git\Sightline_QA_Automation_POM\sightline/Screenshots/DocView_Regression--VerifyTabswhenAllprefEnabled.png' height='100' width='100'/> </a>]]>
            </line>
          </reporter-output>
        </test-method> <!-- takeScreenShot -->
        <test-method status="FAIL" signature="getPersistentHit()[pri:15, instance:testScriptsRegression.DocView_Regression@60c6f5b]" name="getPersistentHit" duration-ms="84599" started-at="2020-08-11T13:28:07Z" finished-at="2020-08-11T13:29:31Z">
          <exception class="org.openqa.selenium.NoSuchElementException">
            <message>
              <![CDATA[no such element: Unable to locate element: {"method":"xpath","selector":"//*[@id='search-btn-audio-view']//a"}
  (Session info: chrome=84.0.4147.105)
  (Driver info: chromedriver=2.36.540470 (e522d04694c7ebea4ba8821272dbef4f9b818c91),platform=Windows NT 10.0.17134 x86_64) (WARNING: The server did not provide any stacktrace information)
Command duration or timeout: 41 milliseconds
For documentation on this error, please visit: http://seleniumhq.org/exceptions/no_such_element.html
Build info: version: '3.4.0', revision: 'unknown', time: 'unknown'
System info: host: 'INLTP-SHILPIM', ip: '10.224.55.48', os.name: 'Windows 10', os.arch: 'amd64', os.version: '10.0', java.version: '1.8.0_181'
Driver info: org.openqa.selenium.chrome.ChromeDriver
Capabilities [{applicationCacheEnabled=false, rotatable=false, mobileEmulationEnabled=false, networkConnectionEnabled=false, chrome={chromedriverVersion=2.36.540470 (e522d04694c7ebea4ba8821272dbef4f9b818c91), userDataDir=C:\Users\smangal\AppData\Local\Temp\scoped_dir67396_15604}, takesHeapSnapshot=true, pageLoadStrategy=normal, databaseEnabled=false, handlesAlerts=true, hasTouchScreen=false, version=84.0.4147.105, platform=XP, browserConnectionEnabled=false, nativeEvents=true, acceptSslCerts=false, acceptInsecureCerts=false, locationContextEnabled=true, webStorageEnabled=true, browserName=chrome, takesScreenshot=true, javascriptEnabled=true, cssSelectorsEnabled=true, setWindowRect=true, unexpectedAlertBehaviour=}]
Session ID: bb0596fc5f15d213be5875b04ee601ee
*** Element info: {Using=xpath, value=//*[@id='search-btn-audio-view']//a}]]>
            </message>
            <full-stacktrace>
              <![CDATA[org.openqa.selenium.NoSuchElementException: no such element: Unable to locate element: {"method":"xpath","selector":"//*[@id='search-btn-audio-view']//a"}
  (Session info: chrome=84.0.4147.105)
  (Driver info: chromedriver=2.36.540470 (e522d04694c7ebea4ba8821272dbef4f9b818c91),platform=Windows NT 10.0.17134 x86_64) (WARNING: The server did not provide any stacktrace information)
Command duration or timeout: 41 milliseconds
For documentation on this error, please visit: http://seleniumhq.org/exceptions/no_such_element.html
Build info: version: '3.4.0', revision: 'unknown', time: 'unknown'
System info: host: 'INLTP-SHILPIM', ip: '10.224.55.48', os.name: 'Windows 10', os.arch: 'amd64', os.version: '10.0', java.version: '1.8.0_181'
Driver info: org.openqa.selenium.chrome.ChromeDriver
Capabilities [{applicationCacheEnabled=false, rotatable=false, mobileEmulationEnabled=false, networkConnectionEnabled=false, chrome={chromedriverVersion=2.36.540470 (e522d04694c7ebea4ba8821272dbef4f9b818c91), userDataDir=C:\Users\smangal\AppData\Local\Temp\scoped_dir67396_15604}, takesHeapSnapshot=true, pageLoadStrategy=normal, databaseEnabled=false, handlesAlerts=true, hasTouchScreen=false, version=84.0.4147.105, platform=XP, browserConnectionEnabled=false, nativeEvents=true, acceptSslCerts=false, acceptInsecureCerts=false, locationContextEnabled=true, webStorageEnabled=true, browserName=chrome, takesScreenshot=true, javascriptEnabled=true, cssSelectorsEnabled=true, setWindowRect=true, unexpectedAlertBehaviour=}]
Session ID: bb0596fc5f15d213be5875b04ee601ee
*** Element info: {Using=xpath, value=//*[@id='search-btn-audio-view']//a}
	at sun.reflect.GeneratedConstructorAccessor13.newInstance(Unknown Source)
	at sun.reflect.DelegatingConstructorAccessorImpl.newInstance(DelegatingConstructorAccessorImpl.java:45)
	at java.lang.reflect.Constructor.newInstance(Constructor.java:423)
	at org.openqa.selenium.remote.ErrorHandler.createThrowable(ErrorHandler.java:215)
	at org.openqa.selenium.remote.ErrorHandler.throwIfResponseFailed(ErrorHandler.java:167)
	at org.openqa.selenium.remote.RemoteWebDriver.execute(RemoteWebDriver.java:671)
	at org.openqa.selenium.remote.RemoteWebDriver.findElement(RemoteWebDriver.java:410)
	at org.openqa.selenium.remote.RemoteWebDriver.findElementByXPath(RemoteWebDriver.java:509)
	at org.openqa.selenium.By$ByXPath.findElement(By.java:361)
	at org.openqa.selenium.remote.RemoteWebDriver.findElement(RemoteWebDriver.java:402)
	at automationLibrary.Element.AssertExists(Element.java:501)
	at automationLibrary.Element.waitAndClick(Element.java:256)
	at pageFactory.DocViewPage.getAudioPersistentHit(DocViewPage.java:287)
	at pageFactory.DocViewPage.VerifyPersistentHit(DocViewPage.java:671)
	at testScriptsRegression.DocView_Regression.getPersistentHit(DocView_Regression.java:312)
	at sun.reflect.NativeMethodAccessorImpl.invoke0(Native Method)
	at sun.reflect.NativeMethodAccessorImpl.invoke(NativeMethodAccessorImpl.java:62)
	at sun.reflect.DelegatingMethodAccessorImpl.invoke(DelegatingMethodAccessorImpl.java:43)
	at java.lang.reflect.Method.invoke(Method.java:498)
	at org.testng.internal.MethodInvocationHelper.invokeMethod(MethodInvocationHelper.java:108)
	at org.testng.internal.Invoker.invokeMethod(Invoker.java:661)
	at org.testng.internal.Invoker.invokeTestMethod(Invoker.java:869)
	at org.testng.internal.Invoker.invokeTestMethods(Invoker.java:1193)
	at org.testng.internal.TestMethodWorker.invokeTestMethods(TestMethodWorker.java:126)
	at org.testng.internal.TestMethodWorker.run(TestMethodWorker.java:109)
	at org.testng.TestRunner.privateRun(TestRunner.java:744)
	at org.testng.TestRunner.run(TestRunner.java:602)
	at org.testng.SuiteRunner.runTest(SuiteRunner.java:380)
	at org.testng.SuiteRunner.runSequentially(SuiteRunner.java:375)
	at org.testng.SuiteRunner.privateRun(SuiteRunner.java:340)
	at org.testng.SuiteRunner.run(SuiteRunner.java:289)
	at org.testng.SuiteRunnerWorker.runSuite(SuiteRunnerWorker.java:52)
	at org.testng.SuiteRunnerWorker.run(SuiteRunnerWorker.java:86)
	at org.testng.TestNG.runSuitesSequentially(TestNG.java:1301)
	at org.testng.TestNG.runSuitesLocally(TestNG.java:1226)
	at org.testng.TestNG.runSuites(TestNG.java:1144)
	at org.testng.TestNG.run(TestNG.java:1115)
	at org.testng.remote.AbstractRemoteTestNG.run(AbstractRemoteTestNG.java:115)
	at org.testng.remote.RemoteTestNG.initAndRun(RemoteTestNG.java:251)
	at org.testng.remote.RemoteTestNG.main(RemoteTestNG.java:77)
]]>
            </full-stacktrace>
          </exception> <!-- org.openqa.selenium.NoSuchElementException -->
          <reporter-output>
          </reporter-output>
        </test-method> <!-- getPersistentHit -->
        <test-method status="PASS" signature="takeScreenShot(org.testng.ITestResult)[pri:0, instance:testScriptsRegression.DocView_Regression@60c6f5b]" name="takeScreenShot" is-config="true" duration-ms="532" started-at="2020-08-11T13:29:31Z" finished-at="2020-08-11T13:29:32Z">
          <params>
            <param index="0">
              <value>
                <![CDATA[[TestResult name=getPersistentHit status=FAILURE method=DocView_Regression.getPersistentHit()[pri:15, instance:testScriptsRegression.DocView_Regression@60c6f5b] output={null}]]]>
              </value>
            </param>
          </params>
          <reporter-output>
            <line>
              <![CDATA[<a href='C:\Users\smangal\git\Sightline_QA_Automation_POM\sightline/Screenshots/DocView_Regression--getPersistentHit.png'> <img src='C:\Users\smangal\git\Sightline_QA_Automation_POM\sightline/Screenshots/DocView_Regression--getPersistentHit.png' height='100' width='100'/> </a>]]>
            </line>
          </reporter-output>
        </test-method> <!-- takeScreenShot -->
        <test-method status="FAIL" signature="VerifyAnalyticsthrAssignment()[pri:17, instance:testScriptsRegression.DocView_Regression@60c6f5b]" name="VerifyAnalyticsthrAssignment" duration-ms="118269" started-at="2020-08-11T13:29:32Z" finished-at="2020-08-11T13:31:30Z">
          <exception class="org.openqa.selenium.NoSuchElementException">
            <message>
              <![CDATA[no such element: Unable to locate element: {"method":"xpath","selector":"//*[@id='dtDocumentFamilyMembers']//tr[1]//input[starts-with(@id,'chkDocFamily')]/following-sibling::i"}
  (Session info: chrome=84.0.4147.105)
  (Driver info: chromedriver=2.36.540470 (e522d04694c7ebea4ba8821272dbef4f9b818c91),platform=Windows NT 10.0.17134 x86_64) (WARNING: The server did not provide any stacktrace information)
Command duration or timeout: 13 milliseconds
For documentation on this error, please visit: http://seleniumhq.org/exceptions/no_such_element.html
Build info: version: '3.4.0', revision: 'unknown', time: 'unknown'
System info: host: 'INLTP-SHILPIM', ip: '10.224.55.48', os.name: 'Windows 10', os.arch: 'amd64', os.version: '10.0', java.version: '1.8.0_181'
Driver info: org.openqa.selenium.chrome.ChromeDriver
Capabilities [{applicationCacheEnabled=false, rotatable=false, mobileEmulationEnabled=false, networkConnectionEnabled=false, chrome={chromedriverVersion=2.36.540470 (e522d04694c7ebea4ba8821272dbef4f9b818c91), userDataDir=C:\Users\smangal\AppData\Local\Temp\scoped_dir67396_15604}, takesHeapSnapshot=true, pageLoadStrategy=normal, databaseEnabled=false, handlesAlerts=true, hasTouchScreen=false, version=84.0.4147.105, platform=XP, browserConnectionEnabled=false, nativeEvents=true, acceptSslCerts=false, acceptInsecureCerts=false, locationContextEnabled=true, webStorageEnabled=true, browserName=chrome, takesScreenshot=true, javascriptEnabled=true, cssSelectorsEnabled=true, setWindowRect=true, unexpectedAlertBehaviour=}]
Session ID: bb0596fc5f15d213be5875b04ee601ee
*** Element info: {Using=xpath, value=//*[@id='dtDocumentFamilyMembers']//tr[1]//input[starts-with(@id,'chkDocFamily')]/following-sibling::i}]]>
            </message>
            <full-stacktrace>
              <![CDATA[org.openqa.selenium.NoSuchElementException: no such element: Unable to locate element: {"method":"xpath","selector":"//*[@id='dtDocumentFamilyMembers']//tr[1]//input[starts-with(@id,'chkDocFamily')]/following-sibling::i"}
  (Session info: chrome=84.0.4147.105)
  (Driver info: chromedriver=2.36.540470 (e522d04694c7ebea4ba8821272dbef4f9b818c91),platform=Windows NT 10.0.17134 x86_64) (WARNING: The server did not provide any stacktrace information)
Command duration or timeout: 13 milliseconds
For documentation on this error, please visit: http://seleniumhq.org/exceptions/no_such_element.html
Build info: version: '3.4.0', revision: 'unknown', time: 'unknown'
System info: host: 'INLTP-SHILPIM', ip: '10.224.55.48', os.name: 'Windows 10', os.arch: 'amd64', os.version: '10.0', java.version: '1.8.0_181'
Driver info: org.openqa.selenium.chrome.ChromeDriver
Capabilities [{applicationCacheEnabled=false, rotatable=false, mobileEmulationEnabled=false, networkConnectionEnabled=false, chrome={chromedriverVersion=2.36.540470 (e522d04694c7ebea4ba8821272dbef4f9b818c91), userDataDir=C:\Users\smangal\AppData\Local\Temp\scoped_dir67396_15604}, takesHeapSnapshot=true, pageLoadStrategy=normal, databaseEnabled=false, handlesAlerts=true, hasTouchScreen=false, version=84.0.4147.105, platform=XP, browserConnectionEnabled=false, nativeEvents=true, acceptSslCerts=false, acceptInsecureCerts=false, locationContextEnabled=true, webStorageEnabled=true, browserName=chrome, takesScreenshot=true, javascriptEnabled=true, cssSelectorsEnabled=true, setWindowRect=true, unexpectedAlertBehaviour=}]
Session ID: bb0596fc5f15d213be5875b04ee601ee
*** Element info: {Using=xpath, value=//*[@id='dtDocumentFamilyMembers']//tr[1]//input[starts-with(@id,'chkDocFamily')]/following-sibling::i}
	at sun.reflect.GeneratedConstructorAccessor13.newInstance(Unknown Source)
	at sun.reflect.DelegatingConstructorAccessorImpl.newInstance(DelegatingConstructorAccessorImpl.java:45)
	at java.lang.reflect.Constructor.newInstance(Constructor.java:423)
	at org.openqa.selenium.remote.ErrorHandler.createThrowable(ErrorHandler.java:215)
	at org.openqa.selenium.remote.ErrorHandler.throwIfResponseFailed(ErrorHandler.java:167)
	at org.openqa.selenium.remote.RemoteWebDriver.execute(RemoteWebDriver.java:671)
	at org.openqa.selenium.remote.RemoteWebDriver.findElement(RemoteWebDriver.java:410)
	at org.openqa.selenium.remote.RemoteWebDriver.findElementByXPath(RemoteWebDriver.java:509)
	at org.openqa.selenium.By$ByXPath.findElement(By.java:361)
	at org.openqa.selenium.remote.RemoteWebDriver.findElement(RemoteWebDriver.java:402)
	at automationLibrary.Element.AssertExists(Element.java:501)
	at automationLibrary.Element.Click(Element.java:224)
	at pageFactory.DocViewPage.AnalyticsCodeSameAs(DocViewPage.java:1019)
	at testScriptsRegression.DocView_Regression.VerifyAnalyticsthrAssignment(DocView_Regression.java:368)
	at sun.reflect.NativeMethodAccessorImpl.invoke0(Native Method)
	at sun.reflect.NativeMethodAccessorImpl.invoke(NativeMethodAccessorImpl.java:62)
	at sun.reflect.DelegatingMethodAccessorImpl.invoke(DelegatingMethodAccessorImpl.java:43)
	at java.lang.reflect.Method.invoke(Method.java:498)
	at org.testng.internal.MethodInvocationHelper.invokeMethod(MethodInvocationHelper.java:108)
	at org.testng.internal.Invoker.invokeMethod(Invoker.java:661)
	at org.testng.internal.Invoker.invokeTestMethod(Invoker.java:869)
	at org.testng.internal.Invoker.invokeTestMethods(Invoker.java:1193)
	at org.testng.internal.TestMethodWorker.invokeTestMethods(TestMethodWorker.java:126)
	at org.testng.internal.TestMethodWorker.run(TestMethodWorker.java:109)
	at org.testng.TestRunner.privateRun(TestRunner.java:744)
	at org.testng.TestRunner.run(TestRunner.java:602)
	at org.testng.SuiteRunner.runTest(SuiteRunner.java:380)
	at org.testng.SuiteRunner.runSequentially(SuiteRunner.java:375)
	at org.testng.SuiteRunner.privateRun(SuiteRunner.java:340)
	at org.testng.SuiteRunner.run(SuiteRunner.java:289)
	at org.testng.SuiteRunnerWorker.runSuite(SuiteRunnerWorker.java:52)
	at org.testng.SuiteRunnerWorker.run(SuiteRunnerWorker.java:86)
	at org.testng.TestNG.runSuitesSequentially(TestNG.java:1301)
	at org.testng.TestNG.runSuitesLocally(TestNG.java:1226)
	at org.testng.TestNG.runSuites(TestNG.java:1144)
	at org.testng.TestNG.run(TestNG.java:1115)
	at org.testng.remote.AbstractRemoteTestNG.run(AbstractRemoteTestNG.java:115)
	at org.testng.remote.RemoteTestNG.initAndRun(RemoteTestNG.java:251)
	at org.testng.remote.RemoteTestNG.main(RemoteTestNG.java:77)
]]>
            </full-stacktrace>
          </exception> <!-- org.openqa.selenium.NoSuchElementException -->
          <reporter-output>
          </reporter-output>
        </test-method> <!-- VerifyAnalyticsthrAssignment -->
        <test-method status="PASS" signature="takeScreenShot(org.testng.ITestResult)[pri:0, instance:testScriptsRegression.DocView_Regression@60c6f5b]" name="takeScreenShot" is-config="true" duration-ms="301" started-at="2020-08-11T13:31:30Z" finished-at="2020-08-11T13:31:30Z">
          <params>
            <param index="0">
              <value>
                <![CDATA[[TestResult name=VerifyAnalyticsthrAssignment status=FAILURE method=DocView_Regression.VerifyAnalyticsthrAssignment()[pri:17, instance:testScriptsRegression.DocView_Regression@60c6f5b] output={null}]]]>
              </value>
            </param>
          </params>
          <reporter-output>
            <line>
              <![CDATA[<a href='C:\Users\smangal\git\Sightline_QA_Automation_POM\sightline/Screenshots/DocView_Regression--VerifyAnalyticsthrAssignment.png'> <img src='C:\Users\smangal\git\Sightline_QA_Automation_POM\sightline/Screenshots/DocView_Regression--VerifyAnalyticsthrAssignment.png' height='100' width='100'/> </a>]]>
            </line>
          </reporter-output>
        </test-method> <!-- takeScreenShot -->
        <test-method status="FAIL" signature="VerifyTabswhenAllprefDisabled()[pri:18, instance:testScriptsRegression.DocView_Regression@60c6f5b]" name="VerifyTabswhenAllprefDisabled" duration-ms="27823" started-at="2020-08-11T13:31:30Z" finished-at="2020-08-11T13:31:58Z">
          <exception class="java.lang.NullPointerException">
            <full-stacktrace>
              <![CDATA[java.lang.NullPointerException
	at automationLibrary.ElementCollection.Displayed(ElementCollection.java:147)
	at pageFactory.DocViewPage.VerifyTabswhenAllprefDisabled(DocViewPage.java:945)
	at testScriptsRegression.DocView_Regression.VerifyTabswhenAllprefDisabled(DocView_Regression.java:378)
	at sun.reflect.NativeMethodAccessorImpl.invoke0(Native Method)
	at sun.reflect.NativeMethodAccessorImpl.invoke(NativeMethodAccessorImpl.java:62)
	at sun.reflect.DelegatingMethodAccessorImpl.invoke(DelegatingMethodAccessorImpl.java:43)
	at java.lang.reflect.Method.invoke(Method.java:498)
	at org.testng.internal.MethodInvocationHelper.invokeMethod(MethodInvocationHelper.java:108)
	at org.testng.internal.Invoker.invokeMethod(Invoker.java:661)
	at org.testng.internal.Invoker.invokeTestMethod(Invoker.java:869)
	at org.testng.internal.Invoker.invokeTestMethods(Invoker.java:1193)
	at org.testng.internal.TestMethodWorker.invokeTestMethods(TestMethodWorker.java:126)
	at org.testng.internal.TestMethodWorker.run(TestMethodWorker.java:109)
	at org.testng.TestRunner.privateRun(TestRunner.java:744)
	at org.testng.TestRunner.run(TestRunner.java:602)
	at org.testng.SuiteRunner.runTest(SuiteRunner.java:380)
	at org.testng.SuiteRunner.runSequentially(SuiteRunner.java:375)
	at org.testng.SuiteRunner.privateRun(SuiteRunner.java:340)
	at org.testng.SuiteRunner.run(SuiteRunner.java:289)
	at org.testng.SuiteRunnerWorker.runSuite(SuiteRunnerWorker.java:52)
	at org.testng.SuiteRunnerWorker.run(SuiteRunnerWorker.java:86)
	at org.testng.TestNG.runSuitesSequentially(TestNG.java:1301)
	at org.testng.TestNG.runSuitesLocally(TestNG.java:1226)
	at org.testng.TestNG.runSuites(TestNG.java:1144)
	at org.testng.TestNG.run(TestNG.java:1115)
	at org.testng.remote.AbstractRemoteTestNG.run(AbstractRemoteTestNG.java:115)
	at org.testng.remote.RemoteTestNG.initAndRun(RemoteTestNG.java:251)
	at org.testng.remote.RemoteTestNG.main(RemoteTestNG.java:77)
]]>
            </full-stacktrace>
          </exception> <!-- java.lang.NullPointerException -->
          <reporter-output>
          </reporter-output>
        </test-method> <!-- VerifyTabswhenAllprefDisabled -->
        <test-method status="PASS" signature="takeScreenShot(org.testng.ITestResult)[pri:0, instance:testScriptsRegression.DocView_Regression@60c6f5b]" name="takeScreenShot" is-config="true" duration-ms="313" started-at="2020-08-11T13:31:58Z" finished-at="2020-08-11T13:31:58Z">
          <params>
            <param index="0">
              <value>
                <![CDATA[[TestResult name=VerifyTabswhenAllprefDisabled status=FAILURE method=DocView_Regression.VerifyTabswhenAllprefDisabled()[pri:18, instance:testScriptsRegression.DocView_Regression@60c6f5b] output={null}]]]>
              </value>
            </param>
          </params>
          <reporter-output>
            <line>
              <![CDATA[<a href='C:\Users\smangal\git\Sightline_QA_Automation_POM\sightline/Screenshots/DocView_Regression--VerifyTabswhenAllprefDisabled.png'> <img src='C:\Users\smangal\git\Sightline_QA_Automation_POM\sightline/Screenshots/DocView_Regression--VerifyTabswhenAllprefDisabled.png' height='100' width='100'/> </a>]]>
            </line>
          </reporter-output>
        </test-method> <!-- takeScreenShot -->
        <test-method status="FAIL" signature="VerifyAnalyticsforPA()[pri:19, instance:testScriptsRegression.DocView_Regression@60c6f5b]" name="VerifyAnalyticsforPA" duration-ms="101719" started-at="2020-08-11T13:31:58Z" finished-at="2020-08-11T13:33:40Z">
          <exception class="org.openqa.selenium.NoSuchElementException">
            <message>
              <![CDATA[no such element: Unable to locate element: {"method":"xpath","selector":"//*[@id='SearchDataTable']//td[contains(text(),'ID00001059')]"}
  (Session info: chrome=84.0.4147.105)
  (Driver info: chromedriver=2.36.540470 (e522d04694c7ebea4ba8821272dbef4f9b818c91),platform=Windows NT 10.0.17134 x86_64) (WARNING: The server did not provide any stacktrace information)
Command duration or timeout: 11 milliseconds
For documentation on this error, please visit: http://seleniumhq.org/exceptions/no_such_element.html
Build info: version: '3.4.0', revision: 'unknown', time: 'unknown'
System info: host: 'INLTP-SHILPIM', ip: '10.224.55.48', os.name: 'Windows 10', os.arch: 'amd64', os.version: '10.0', java.version: '1.8.0_181'
Driver info: org.openqa.selenium.chrome.ChromeDriver
Capabilities [{applicationCacheEnabled=false, rotatable=false, mobileEmulationEnabled=false, networkConnectionEnabled=false, chrome={chromedriverVersion=2.36.540470 (e522d04694c7ebea4ba8821272dbef4f9b818c91), userDataDir=C:\Users\smangal\AppData\Local\Temp\scoped_dir67396_15604}, takesHeapSnapshot=true, pageLoadStrategy=normal, databaseEnabled=false, handlesAlerts=true, hasTouchScreen=false, version=84.0.4147.105, platform=XP, browserConnectionEnabled=false, nativeEvents=true, acceptSslCerts=false, acceptInsecureCerts=false, locationContextEnabled=true, webStorageEnabled=true, browserName=chrome, takesScreenshot=true, javascriptEnabled=true, cssSelectorsEnabled=true, setWindowRect=true, unexpectedAlertBehaviour=}]
Session ID: bb0596fc5f15d213be5875b04ee601ee
*** Element info: {Using=xpath, value=//*[@id='SearchDataTable']//td[contains(text(),'ID00001059')]}]]>
            </message>
            <full-stacktrace>
              <![CDATA[org.openqa.selenium.NoSuchElementException: no such element: Unable to locate element: {"method":"xpath","selector":"//*[@id='SearchDataTable']//td[contains(text(),'ID00001059')]"}
  (Session info: chrome=84.0.4147.105)
  (Driver info: chromedriver=2.36.540470 (e522d04694c7ebea4ba8821272dbef4f9b818c91),platform=Windows NT 10.0.17134 x86_64) (WARNING: The server did not provide any stacktrace information)
Command duration or timeout: 11 milliseconds
For documentation on this error, please visit: http://seleniumhq.org/exceptions/no_such_element.html
Build info: version: '3.4.0', revision: 'unknown', time: 'unknown'
System info: host: 'INLTP-SHILPIM', ip: '10.224.55.48', os.name: 'Windows 10', os.arch: 'amd64', os.version: '10.0', java.version: '1.8.0_181'
Driver info: org.openqa.selenium.chrome.ChromeDriver
Capabilities [{applicationCacheEnabled=false, rotatable=false, mobileEmulationEnabled=false, networkConnectionEnabled=false, chrome={chromedriverVersion=2.36.540470 (e522d04694c7ebea4ba8821272dbef4f9b818c91), userDataDir=C:\Users\smangal\AppData\Local\Temp\scoped_dir67396_15604}, takesHeapSnapshot=true, pageLoadStrategy=normal, databaseEnabled=false, handlesAlerts=true, hasTouchScreen=false, version=84.0.4147.105, platform=XP, browserConnectionEnabled=false, nativeEvents=true, acceptSslCerts=false, acceptInsecureCerts=false, locationContextEnabled=true, webStorageEnabled=true, browserName=chrome, takesScreenshot=true, javascriptEnabled=true, cssSelectorsEnabled=true, setWindowRect=true, unexpectedAlertBehaviour=}]
Session ID: bb0596fc5f15d213be5875b04ee601ee
*** Element info: {Using=xpath, value=//*[@id='SearchDataTable']//td[contains(text(),'ID00001059')]}
	at sun.reflect.GeneratedConstructorAccessor13.newInstance(Unknown Source)
	at sun.reflect.DelegatingConstructorAccessorImpl.newInstance(DelegatingConstructorAccessorImpl.java:45)
	at java.lang.reflect.Constructor.newInstance(Constructor.java:423)
	at org.openqa.selenium.remote.ErrorHandler.createThrowable(ErrorHandler.java:215)
	at org.openqa.selenium.remote.ErrorHandler.throwIfResponseFailed(ErrorHandler.java:167)
	at org.openqa.selenium.remote.RemoteWebDriver.execute(RemoteWebDriver.java:671)
	at org.openqa.selenium.remote.RemoteWebDriver.findElement(RemoteWebDriver.java:410)
	at org.openqa.selenium.remote.RemoteWebDriver.findElementByXPath(RemoteWebDriver.java:509)
	at org.openqa.selenium.By$ByXPath.findElement(By.java:361)
	at org.openqa.selenium.remote.RemoteWebDriver.findElement(RemoteWebDriver.java:402)
	at automationLibrary.Element.AssertExists(Element.java:501)
	at automationLibrary.Element.waitAndClick(Element.java:256)
	at pageFactory.DocViewPage.AnalyticsThreaded_Actions(DocViewPage.java:1271)
	at testScriptsRegression.DocView_Regression.VerifyAnalyticsforPA(DocView_Regression.java:392)
	at sun.reflect.NativeMethodAccessorImpl.invoke0(Native Method)
	at sun.reflect.NativeMethodAccessorImpl.invoke(NativeMethodAccessorImpl.java:62)
	at sun.reflect.DelegatingMethodAccessorImpl.invoke(DelegatingMethodAccessorImpl.java:43)
	at java.lang.reflect.Method.invoke(Method.java:498)
	at org.testng.internal.MethodInvocationHelper.invokeMethod(MethodInvocationHelper.java:108)
	at org.testng.internal.Invoker.invokeMethod(Invoker.java:661)
	at org.testng.internal.Invoker.invokeTestMethod(Invoker.java:869)
	at org.testng.internal.Invoker.invokeTestMethods(Invoker.java:1193)
	at org.testng.internal.TestMethodWorker.invokeTestMethods(TestMethodWorker.java:126)
	at org.testng.internal.TestMethodWorker.run(TestMethodWorker.java:109)
	at org.testng.TestRunner.privateRun(TestRunner.java:744)
	at org.testng.TestRunner.run(TestRunner.java:602)
	at org.testng.SuiteRunner.runTest(SuiteRunner.java:380)
	at org.testng.SuiteRunner.runSequentially(SuiteRunner.java:375)
	at org.testng.SuiteRunner.privateRun(SuiteRunner.java:340)
	at org.testng.SuiteRunner.run(SuiteRunner.java:289)
	at org.testng.SuiteRunnerWorker.runSuite(SuiteRunnerWorker.java:52)
	at org.testng.SuiteRunnerWorker.run(SuiteRunnerWorker.java:86)
	at org.testng.TestNG.runSuitesSequentially(TestNG.java:1301)
	at org.testng.TestNG.runSuitesLocally(TestNG.java:1226)
	at org.testng.TestNG.runSuites(TestNG.java:1144)
	at org.testng.TestNG.run(TestNG.java:1115)
	at org.testng.remote.AbstractRemoteTestNG.run(AbstractRemoteTestNG.java:115)
	at org.testng.remote.RemoteTestNG.initAndRun(RemoteTestNG.java:251)
	at org.testng.remote.RemoteTestNG.main(RemoteTestNG.java:77)
]]>
            </full-stacktrace>
          </exception> <!-- org.openqa.selenium.NoSuchElementException -->
          <reporter-output>
          </reporter-output>
        </test-method> <!-- VerifyAnalyticsforPA -->
        <test-method status="PASS" signature="takeScreenShot(org.testng.ITestResult)[pri:0, instance:testScriptsRegression.DocView_Regression@60c6f5b]" name="takeScreenShot" is-config="true" duration-ms="428" started-at="2020-08-11T13:33:40Z" finished-at="2020-08-11T13:33:41Z">
          <params>
            <param index="0">
              <value>
                <![CDATA[[TestResult name=VerifyAnalyticsforPA status=FAILURE method=DocView_Regression.VerifyAnalyticsforPA()[pri:19, instance:testScriptsRegression.DocView_Regression@60c6f5b] output={null}]]]>
              </value>
            </param>
          </params>
          <reporter-output>
            <line>
              <![CDATA[<a href='C:\Users\smangal\git\Sightline_QA_Automation_POM\sightline/Screenshots/DocView_Regression--VerifyAnalyticsforPA.png'> <img src='C:\Users\smangal\git\Sightline_QA_Automation_POM\sightline/Screenshots/DocView_Regression--VerifyAnalyticsforPA.png' height='100' width='100'/> </a>]]>
            </line>
          </reporter-output>
        </test-method> <!-- takeScreenShot -->
        <test-method status="FAIL" signature="VerifyMiniDoclistConifgSortOrder()[pri:20, instance:testScriptsRegression.DocView_Regression@60c6f5b]" name="VerifyMiniDoclistConifgSortOrder" duration-ms="39777" started-at="2020-08-11T13:33:41Z" finished-at="2020-08-11T13:34:20Z">
          <exception class="org.openqa.selenium.NoSuchElementException">
            <message>
              <![CDATA[no such element: Unable to locate element: {"method":"id","selector":"wEdit"}
  (Session info: chrome=84.0.4147.105)
  (Driver info: chromedriver=2.36.540470 (e522d04694c7ebea4ba8821272dbef4f9b818c91),platform=Windows NT 10.0.17134 x86_64) (WARNING: The server did not provide any stacktrace information)
Command duration or timeout: 10 milliseconds
For documentation on this error, please visit: http://seleniumhq.org/exceptions/no_such_element.html
Build info: version: '3.4.0', revision: 'unknown', time: 'unknown'
System info: host: 'INLTP-SHILPIM', ip: '10.224.55.48', os.name: 'Windows 10', os.arch: 'amd64', os.version: '10.0', java.version: '1.8.0_181'
Driver info: org.openqa.selenium.chrome.ChromeDriver
Capabilities [{applicationCacheEnabled=false, rotatable=false, mobileEmulationEnabled=false, networkConnectionEnabled=false, chrome={chromedriverVersion=2.36.540470 (e522d04694c7ebea4ba8821272dbef4f9b818c91), userDataDir=C:\Users\smangal\AppData\Local\Temp\scoped_dir67396_15604}, takesHeapSnapshot=true, pageLoadStrategy=normal, databaseEnabled=false, handlesAlerts=true, hasTouchScreen=false, version=84.0.4147.105, platform=XP, browserConnectionEnabled=false, nativeEvents=true, acceptSslCerts=false, acceptInsecureCerts=false, locationContextEnabled=true, webStorageEnabled=true, browserName=chrome, takesScreenshot=true, javascriptEnabled=true, cssSelectorsEnabled=true, setWindowRect=true, unexpectedAlertBehaviour=}]
Session ID: bb0596fc5f15d213be5875b04ee601ee
*** Element info: {Using=id, value=wEdit}]]>
            </message>
            <full-stacktrace>
              <![CDATA[org.openqa.selenium.NoSuchElementException: no such element: Unable to locate element: {"method":"id","selector":"wEdit"}
  (Session info: chrome=84.0.4147.105)
  (Driver info: chromedriver=2.36.540470 (e522d04694c7ebea4ba8821272dbef4f9b818c91),platform=Windows NT 10.0.17134 x86_64) (WARNING: The server did not provide any stacktrace information)
Command duration or timeout: 10 milliseconds
For documentation on this error, please visit: http://seleniumhq.org/exceptions/no_such_element.html
Build info: version: '3.4.0', revision: 'unknown', time: 'unknown'
System info: host: 'INLTP-SHILPIM', ip: '10.224.55.48', os.name: 'Windows 10', os.arch: 'amd64', os.version: '10.0', java.version: '1.8.0_181'
Driver info: org.openqa.selenium.chrome.ChromeDriver
Capabilities [{applicationCacheEnabled=false, rotatable=false, mobileEmulationEnabled=false, networkConnectionEnabled=false, chrome={chromedriverVersion=2.36.540470 (e522d04694c7ebea4ba8821272dbef4f9b818c91), userDataDir=C:\Users\smangal\AppData\Local\Temp\scoped_dir67396_15604}, takesHeapSnapshot=true, pageLoadStrategy=normal, databaseEnabled=false, handlesAlerts=true, hasTouchScreen=false, version=84.0.4147.105, platform=XP, browserConnectionEnabled=false, nativeEvents=true, acceptSslCerts=false, acceptInsecureCerts=false, locationContextEnabled=true, webStorageEnabled=true, browserName=chrome, takesScreenshot=true, javascriptEnabled=true, cssSelectorsEnabled=true, setWindowRect=true, unexpectedAlertBehaviour=}]
Session ID: bb0596fc5f15d213be5875b04ee601ee
*** Element info: {Using=id, value=wEdit}
	at sun.reflect.GeneratedConstructorAccessor13.newInstance(Unknown Source)
	at sun.reflect.DelegatingConstructorAccessorImpl.newInstance(DelegatingConstructorAccessorImpl.java:45)
	at java.lang.reflect.Constructor.newInstance(Constructor.java:423)
	at org.openqa.selenium.remote.ErrorHandler.createThrowable(ErrorHandler.java:215)
	at org.openqa.selenium.remote.ErrorHandler.throwIfResponseFailed(ErrorHandler.java:167)
	at org.openqa.selenium.remote.RemoteWebDriver.execute(RemoteWebDriver.java:671)
	at org.openqa.selenium.remote.RemoteWebDriver.findElement(RemoteWebDriver.java:410)
	at org.openqa.selenium.remote.RemoteWebDriver.findElementById(RemoteWebDriver.java:453)
	at org.openqa.selenium.By$ById.findElement(By.java:218)
	at org.openqa.selenium.remote.RemoteWebDriver.findElement(RemoteWebDriver.java:402)
	at automationLibrary.Element.AssertExists(Element.java:501)
	at automationLibrary.Element.waitAndClick(Element.java:256)
	at pageFactory.DocViewPage.MiniDoclistConifgSortOrder(DocViewPage.java:1577)
	at testScriptsRegression.DocView_Regression.VerifyMiniDoclistConifgSortOrder(DocView_Regression.java:400)
	at sun.reflect.NativeMethodAccessorImpl.invoke0(Native Method)
	at sun.reflect.NativeMethodAccessorImpl.invoke(NativeMethodAccessorImpl.java:62)
	at sun.reflect.DelegatingMethodAccessorImpl.invoke(DelegatingMethodAccessorImpl.java:43)
	at java.lang.reflect.Method.invoke(Method.java:498)
	at org.testng.internal.MethodInvocationHelper.invokeMethod(MethodInvocationHelper.java:108)
	at org.testng.internal.Invoker.invokeMethod(Invoker.java:661)
	at org.testng.internal.Invoker.invokeTestMethod(Invoker.java:869)
	at org.testng.internal.Invoker.invokeTestMethods(Invoker.java:1193)
	at org.testng.internal.TestMethodWorker.invokeTestMethods(TestMethodWorker.java:126)
	at org.testng.internal.TestMethodWorker.run(TestMethodWorker.java:109)
	at org.testng.TestRunner.privateRun(TestRunner.java:744)
	at org.testng.TestRunner.run(TestRunner.java:602)
	at org.testng.SuiteRunner.runTest(SuiteRunner.java:380)
	at org.testng.SuiteRunner.runSequentially(SuiteRunner.java:375)
	at org.testng.SuiteRunner.privateRun(SuiteRunner.java:340)
	at org.testng.SuiteRunner.run(SuiteRunner.java:289)
	at org.testng.SuiteRunnerWorker.runSuite(SuiteRunnerWorker.java:52)
	at org.testng.SuiteRunnerWorker.run(SuiteRunnerWorker.java:86)
	at org.testng.TestNG.runSuitesSequentially(TestNG.java:1301)
	at org.testng.TestNG.runSuitesLocally(TestNG.java:1226)
	at org.testng.TestNG.runSuites(TestNG.java:1144)
	at org.testng.TestNG.run(TestNG.java:1115)
	at org.testng.remote.AbstractRemoteTestNG.run(AbstractRemoteTestNG.java:115)
	at org.testng.remote.RemoteTestNG.initAndRun(RemoteTestNG.java:251)
	at org.testng.remote.RemoteTestNG.main(RemoteTestNG.java:77)
]]>
            </full-stacktrace>
          </exception> <!-- org.openqa.selenium.NoSuchElementException -->
          <reporter-output>
          </reporter-output>
        </test-method> <!-- VerifyMiniDoclistConifgSortOrder -->
        <test-method status="PASS" signature="takeScreenShot(org.testng.ITestResult)[pri:0, instance:testScriptsRegression.DocView_Regression@60c6f5b]" name="takeScreenShot" is-config="true" duration-ms="474" started-at="2020-08-11T13:34:20Z" finished-at="2020-08-11T13:34:21Z">
          <params>
            <param index="0">
              <value>
                <![CDATA[[TestResult name=VerifyMiniDoclistConifgSortOrder status=FAILURE method=DocView_Regression.VerifyMiniDoclistConifgSortOrder()[pri:20, instance:testScriptsRegression.DocView_Regression@60c6f5b] output={null}]]]>
              </value>
            </param>
          </params>
          <reporter-output>
            <line>
              <![CDATA[<a href='C:\Users\smangal\git\Sightline_QA_Automation_POM\sightline/Screenshots/DocView_Regression--VerifyMiniDoclistConifgSortOrder.png'> <img src='C:\Users\smangal\git\Sightline_QA_Automation_POM\sightline/Screenshots/DocView_Regression--VerifyMiniDoclistConifgSortOrder.png' height='100' width='100'/> </a>]]>
            </line>
          </reporter-output>
        </test-method> <!-- takeScreenShot -->
        <test-method status="FAIL" signature="VerifyAnalyticsConceptual()[pri:21, instance:testScriptsRegression.DocView_Regression@60c6f5b]" name="VerifyAnalyticsConceptual" duration-ms="37117" started-at="2020-08-11T13:34:21Z" finished-at="2020-08-11T13:34:58Z">
          <exception class="org.openqa.selenium.WebDriverException">
            <message>
              <![CDATA[unknown error: Element <button id="idAction" class="btn btn-primary dropdown-toggle disabled" data-toggle="dropdown">...</button> is not clickable at point (1872, 134). Other element would receive the click: <div id="ddlbulkactions" class="btn-group dd-menu custom-action-btn" style="padding-right: 0;">...</div>
  (Session info: chrome=84.0.4147.105)
  (Driver info: chromedriver=2.36.540470 (e522d04694c7ebea4ba8821272dbef4f9b818c91),platform=Windows NT 10.0.17134 x86_64) (WARNING: The server did not provide any stacktrace information)
Command duration or timeout: 26 milliseconds
Build info: version: '3.4.0', revision: 'unknown', time: 'unknown'
System info: host: 'INLTP-SHILPIM', ip: '10.224.55.48', os.name: 'Windows 10', os.arch: 'amd64', os.version: '10.0', java.version: '1.8.0_181'
Driver info: org.openqa.selenium.chrome.ChromeDriver
Capabilities [{applicationCacheEnabled=false, rotatable=false, mobileEmulationEnabled=false, networkConnectionEnabled=false, chrome={chromedriverVersion=2.36.540470 (e522d04694c7ebea4ba8821272dbef4f9b818c91), userDataDir=C:\Users\smangal\AppData\Local\Temp\scoped_dir67396_15604}, takesHeapSnapshot=true, pageLoadStrategy=normal, databaseEnabled=false, handlesAlerts=true, hasTouchScreen=false, version=84.0.4147.105, platform=XP, browserConnectionEnabled=false, nativeEvents=true, acceptSslCerts=false, acceptInsecureCerts=false, locationContextEnabled=true, webStorageEnabled=true, browserName=chrome, takesScreenshot=true, javascriptEnabled=true, cssSelectorsEnabled=true, setWindowRect=true, unexpectedAlertBehaviour=}]
Session ID: bb0596fc5f15d213be5875b04ee601ee]]>
            </message>
            <full-stacktrace>
              <![CDATA[org.openqa.selenium.WebDriverException: unknown error: Element <button id="idAction" class="btn btn-primary dropdown-toggle disabled" data-toggle="dropdown">...</button> is not clickable at point (1872, 134). Other element would receive the click: <div id="ddlbulkactions" class="btn-group dd-menu custom-action-btn" style="padding-right: 0;">...</div>
  (Session info: chrome=84.0.4147.105)
  (Driver info: chromedriver=2.36.540470 (e522d04694c7ebea4ba8821272dbef4f9b818c91),platform=Windows NT 10.0.17134 x86_64) (WARNING: The server did not provide any stacktrace information)
Command duration or timeout: 26 milliseconds
Build info: version: '3.4.0', revision: 'unknown', time: 'unknown'
System info: host: 'INLTP-SHILPIM', ip: '10.224.55.48', os.name: 'Windows 10', os.arch: 'amd64', os.version: '10.0', java.version: '1.8.0_181'
Driver info: org.openqa.selenium.chrome.ChromeDriver
Capabilities [{applicationCacheEnabled=false, rotatable=false, mobileEmulationEnabled=false, networkConnectionEnabled=false, chrome={chromedriverVersion=2.36.540470 (e522d04694c7ebea4ba8821272dbef4f9b818c91), userDataDir=C:\Users\smangal\AppData\Local\Temp\scoped_dir67396_15604}, takesHeapSnapshot=true, pageLoadStrategy=normal, databaseEnabled=false, handlesAlerts=true, hasTouchScreen=false, version=84.0.4147.105, platform=XP, browserConnectionEnabled=false, nativeEvents=true, acceptSslCerts=false, acceptInsecureCerts=false, locationContextEnabled=true, webStorageEnabled=true, browserName=chrome, takesScreenshot=true, javascriptEnabled=true, cssSelectorsEnabled=true, setWindowRect=true, unexpectedAlertBehaviour=}]
Session ID: bb0596fc5f15d213be5875b04ee601ee
	at sun.reflect.GeneratedConstructorAccessor16.newInstance(Unknown Source)
	at sun.reflect.DelegatingConstructorAccessorImpl.newInstance(DelegatingConstructorAccessorImpl.java:45)
	at java.lang.reflect.Constructor.newInstance(Constructor.java:423)
	at org.openqa.selenium.remote.ErrorHandler.createThrowable(ErrorHandler.java:215)
	at org.openqa.selenium.remote.ErrorHandler.throwIfResponseFailed(ErrorHandler.java:167)
	at org.openqa.selenium.remote.RemoteWebDriver.execute(RemoteWebDriver.java:671)
	at org.openqa.selenium.remote.RemoteWebElement.execute(RemoteWebElement.java:272)
	at org.openqa.selenium.remote.RemoteWebElement.click(RemoteWebElement.java:82)
	at automationLibrary.Element.waitAndClick(Element.java:257)
	at testScriptsRegression.DocView_Regression.VerifyAnalyticsConceptual(DocView_Regression.java:413)
	at sun.reflect.NativeMethodAccessorImpl.invoke0(Native Method)
	at sun.reflect.NativeMethodAccessorImpl.invoke(NativeMethodAccessorImpl.java:62)
	at sun.reflect.DelegatingMethodAccessorImpl.invoke(DelegatingMethodAccessorImpl.java:43)
	at java.lang.reflect.Method.invoke(Method.java:498)
	at org.testng.internal.MethodInvocationHelper.invokeMethod(MethodInvocationHelper.java:108)
	at org.testng.internal.Invoker.invokeMethod(Invoker.java:661)
	at org.testng.internal.Invoker.invokeTestMethod(Invoker.java:869)
	at org.testng.internal.Invoker.invokeTestMethods(Invoker.java:1193)
	at org.testng.internal.TestMethodWorker.invokeTestMethods(TestMethodWorker.java:126)
	at org.testng.internal.TestMethodWorker.run(TestMethodWorker.java:109)
	at org.testng.TestRunner.privateRun(TestRunner.java:744)
	at org.testng.TestRunner.run(TestRunner.java:602)
	at org.testng.SuiteRunner.runTest(SuiteRunner.java:380)
	at org.testng.SuiteRunner.runSequentially(SuiteRunner.java:375)
	at org.testng.SuiteRunner.privateRun(SuiteRunner.java:340)
	at org.testng.SuiteRunner.run(SuiteRunner.java:289)
	at org.testng.SuiteRunnerWorker.runSuite(SuiteRunnerWorker.java:52)
	at org.testng.SuiteRunnerWorker.run(SuiteRunnerWorker.java:86)
	at org.testng.TestNG.runSuitesSequentially(TestNG.java:1301)
	at org.testng.TestNG.runSuitesLocally(TestNG.java:1226)
	at org.testng.TestNG.runSuites(TestNG.java:1144)
	at org.testng.TestNG.run(TestNG.java:1115)
	at org.testng.remote.AbstractRemoteTestNG.run(AbstractRemoteTestNG.java:115)
	at org.testng.remote.RemoteTestNG.initAndRun(RemoteTestNG.java:251)
	at org.testng.remote.RemoteTestNG.main(RemoteTestNG.java:77)
]]>
            </full-stacktrace>
          </exception> <!-- org.openqa.selenium.WebDriverException -->
          <reporter-output>
          </reporter-output>
        </test-method> <!-- VerifyAnalyticsConceptual -->
        <test-method status="PASS" signature="takeScreenShot(org.testng.ITestResult)[pri:0, instance:testScriptsRegression.DocView_Regression@60c6f5b]" name="takeScreenShot" is-config="true" duration-ms="493" started-at="2020-08-11T13:34:58Z" finished-at="2020-08-11T13:34:58Z">
          <params>
            <param index="0">
              <value>
                <![CDATA[[TestResult name=VerifyAnalyticsConceptual status=FAILURE method=DocView_Regression.VerifyAnalyticsConceptual()[pri:21, instance:testScriptsRegression.DocView_Regression@60c6f5b] output={null}]]]>
              </value>
            </param>
          </params>
          <reporter-output>
            <line>
              <![CDATA[<a href='C:\Users\smangal\git\Sightline_QA_Automation_POM\sightline/Screenshots/DocView_Regression--VerifyAnalyticsConceptual.png'> <img src='C:\Users\smangal\git\Sightline_QA_Automation_POM\sightline/Screenshots/DocView_Regression--VerifyAnalyticsConceptual.png' height='100' width='100'/> </a>]]>
            </line>
          </reporter-output>
        </test-method> <!-- takeScreenShot -->
      </class> <!-- testScriptsRegression.DocView_Regression -->
    </test> <!-- DocView regression -->
  </suite> <!-- Regression Suite -->
</testng-results>
