<?xml version="1.0" encoding="UTF-8"?>
<!-- Generated by org.testng.reporters.JUnitXMLReporter -->
<testsuite hostname="INLTP-SHILPIM" ignored="0" name="BasicAndAdvancedSearchOperations" tests="6" failures="5" timestamp="26 May 2020 07:00:01 GMT" time="601.666" errors="0">
  <testcase name="ConceptualSearch" time="138.472" classname="testScriptsSmoke.TS_004_BasicAndAdvancedSearchOperations">
    <failure type="java.lang.NumberFormatException" message="For input string: &amp;quot; &amp;quot;">
      <![CDATA[java.lang.NumberFormatException: For input string: " "
	at java.lang.NumberFormatException.forInputString(NumberFormatException.java:65)
	at java.lang.Integer.parseInt(Integer.java:569)
	at java.lang.Integer.parseInt(Integer.java:615)
	at pageFactory.SessionSearch.conceptualSearch(SessionSearch.java:813)
	at testScriptsSmoke.TS_004_BasicAndAdvancedSearchOperations.ConceptualSearch(TS_004_BasicAndAdvancedSearchOperations.java:264)
... Removed 26 stack frames]]>
    </failure>
  </testcase> <!-- ConceptualSearch -->
  <testcase name="audioSearch" time="47.431" classname="testScriptsSmoke.TS_004_BasicAndAdvancedSearchOperations"/>
  <testcase name="contentSearchWithOperatorsInAS" time="39.578" classname="testScriptsSmoke.TS_004_BasicAndAdvancedSearchOperations">
    <failure type="org.openqa.selenium.WebDriverException" message="unknown error: Element &amp;lt;span id=&amp;quot;project-selector&amp;quot; class=&amp;quot;popover-trigger-element dropdown-toggle left&amp;quot; data-toggle=&amp;quot;dropdown&amp;quot; style=&amp;quot;padding-bottom:8px;&amp;quot; title=&amp;quot;...&amp;quot;&amp;gt;Auto_Regression&amp;lt;/span&amp;gt; is not clickable at point (273, 36). Other element would receive the click: &amp;lt;div class=&amp;quot;divMessageBox animated fadeIn fast&amp;quot; id=&amp;quot;MsgBoxBack&amp;quot;&amp;gt;...&amp;lt;/div&amp;gt;
  (Session info: chrome=81.0.4044.138)
  (Driver info: chromedriver=2.36.540470 (e522d04694c7ebea4ba8821272dbef4f9b818c91),platform=Windows NT 10.0.17134 x86_64) (WARNING: The server did not provide any stacktrace information)
Command duration or timeout: 71 milliseconds
Build info: version: &amp;apos;3.4.0&amp;apos;, revision: &amp;apos;unknown&amp;apos;, time: &amp;apos;unknown&amp;apos;
System info: host: &amp;apos;INLTP-SHILPIM&amp;apos;, ip: &amp;apos;10.12.51.128&amp;apos;, os.name: &amp;apos;Windows 10&amp;apos;, os.arch: &amp;apos;amd64&amp;apos;, os.version: &amp;apos;10.0&amp;apos;, java.version: &amp;apos;1.8.0_181&amp;apos;
Driver info: org.openqa.selenium.chrome.ChromeDriver
Capabilities [{applicationCacheEnabled=false, rotatable=false, mobileEmulationEnabled=false, networkConnectionEnabled=false, chrome={chromedriverVersion=2.36.540470 (e522d04694c7ebea4ba8821272dbef4f9b818c91), userDataDir=C:\Users\smangal\AppData\Local\Temp\scoped_dir7580_15392}, takesHeapSnapshot=true, pageLoadStrategy=normal, databaseEnabled=false, handlesAlerts=true, hasTouchScreen=false, version=81.0.4044.138, platform=XP, browserConnectionEnabled=false, nativeEvents=true, acceptSslCerts=false, acceptInsecureCerts=false, locationContextEnabled=true, webStorageEnabled=true, browserName=chrome, takesScreenshot=true, javascriptEnabled=true, cssSelectorsEnabled=true, setWindowRect=true, unexpectedAlertBehaviour=}]
Session ID: 1bf3bf4d4bfd018e05033c1627009d5e">
      <![CDATA[org.openqa.selenium.WebDriverException: unknown error: Element <span id="project-selector" class="popover-trigger-element dropdown-toggle left" data-toggle="dropdown" style="padding-bottom:8px;" title="...">Auto_Regression</span> is not clickable at point (273, 36). Other element would receive the click: <div class="divMessageBox animated fadeIn fast" id="MsgBoxBack">...</div>
  (Session info: chrome=81.0.4044.138)
  (Driver info: chromedriver=2.36.540470 (e522d04694c7ebea4ba8821272dbef4f9b818c91),platform=Windows NT 10.0.17134 x86_64) (WARNING: The server did not provide any stacktrace information)
Command duration or timeout: 71 milliseconds
Build info: version: '3.4.0', revision: 'unknown', time: 'unknown'
System info: host: 'INLTP-SHILPIM', ip: '10.12.51.128', os.name: 'Windows 10', os.arch: 'amd64', os.version: '10.0', java.version: '1.8.0_181'
Driver info: org.openqa.selenium.chrome.ChromeDriver
Capabilities [{applicationCacheEnabled=false, rotatable=false, mobileEmulationEnabled=false, networkConnectionEnabled=false, chrome={chromedriverVersion=2.36.540470 (e522d04694c7ebea4ba8821272dbef4f9b818c91), userDataDir=C:\Users\smangal\AppData\Local\Temp\scoped_dir7580_15392}, takesHeapSnapshot=true, pageLoadStrategy=normal, databaseEnabled=false, handlesAlerts=true, hasTouchScreen=false, version=81.0.4044.138, platform=XP, browserConnectionEnabled=false, nativeEvents=true, acceptSslCerts=false, acceptInsecureCerts=false, locationContextEnabled=true, webStorageEnabled=true, browserName=chrome, takesScreenshot=true, javascriptEnabled=true, cssSelectorsEnabled=true, setWindowRect=true, unexpectedAlertBehaviour=}]
Session ID: 1bf3bf4d4bfd018e05033c1627009d5e
	at org.openqa.selenium.remote.ErrorHandler.createThrowable(ErrorHandler.java:215)
	at org.openqa.selenium.remote.ErrorHandler.throwIfResponseFailed(ErrorHandler.java:167)
	at org.openqa.selenium.remote.RemoteWebDriver.execute(RemoteWebDriver.java:671)
	at org.openqa.selenium.remote.RemoteWebElement.execute(RemoteWebElement.java:272)
	at org.openqa.selenium.remote.RemoteWebElement.click(RemoteWebElement.java:82)
	at automationLibrary.Element.waitAndClick(Element.java:242)
	at pageFactory.BaseClass.selectproject(BaseClass.java:193)
	at testScriptsSmoke.TS_004_BasicAndAdvancedSearchOperations.contentSearchWithOperatorsInAS(TS_004_BasicAndAdvancedSearchOperations.java:106)
... Removed 30 stack frames]]>
    </failure>
  </testcase> <!-- contentSearchWithOperatorsInAS -->
  <testcase name="contentSearchWithOperatorsInBS" time="33.396" classname="testScriptsSmoke.TS_004_BasicAndAdvancedSearchOperations">
    <failure type="org.openqa.selenium.WebDriverException" message="unknown error: Element &amp;lt;span id=&amp;quot;project-selector&amp;quot; class=&amp;quot;popover-trigger-element dropdown-toggle left&amp;quot; data-toggle=&amp;quot;dropdown&amp;quot; style=&amp;quot;padding-bottom:8px;&amp;quot; title=&amp;quot;...&amp;quot;&amp;gt;Auto_Regression&amp;lt;/span&amp;gt; is not clickable at point (273, 36). Other element would receive the click: &amp;lt;div class=&amp;quot;divMessageBox animated fadeIn fast&amp;quot; id=&amp;quot;MsgBoxBack&amp;quot;&amp;gt;...&amp;lt;/div&amp;gt;
  (Session info: chrome=81.0.4044.138)
  (Driver info: chromedriver=2.36.540470 (e522d04694c7ebea4ba8821272dbef4f9b818c91),platform=Windows NT 10.0.17134 x86_64) (WARNING: The server did not provide any stacktrace information)
Command duration or timeout: 67 milliseconds
Build info: version: &amp;apos;3.4.0&amp;apos;, revision: &amp;apos;unknown&amp;apos;, time: &amp;apos;unknown&amp;apos;
System info: host: &amp;apos;INLTP-SHILPIM&amp;apos;, ip: &amp;apos;10.12.51.128&amp;apos;, os.name: &amp;apos;Windows 10&amp;apos;, os.arch: &amp;apos;amd64&amp;apos;, os.version: &amp;apos;10.0&amp;apos;, java.version: &amp;apos;1.8.0_181&amp;apos;
Driver info: org.openqa.selenium.chrome.ChromeDriver
Capabilities [{applicationCacheEnabled=false, rotatable=false, mobileEmulationEnabled=false, networkConnectionEnabled=false, chrome={chromedriverVersion=2.36.540470 (e522d04694c7ebea4ba8821272dbef4f9b818c91), userDataDir=C:\Users\smangal\AppData\Local\Temp\scoped_dir7580_15392}, takesHeapSnapshot=true, pageLoadStrategy=normal, databaseEnabled=false, handlesAlerts=true, hasTouchScreen=false, version=81.0.4044.138, platform=XP, browserConnectionEnabled=false, nativeEvents=true, acceptSslCerts=false, acceptInsecureCerts=false, locationContextEnabled=true, webStorageEnabled=true, browserName=chrome, takesScreenshot=true, javascriptEnabled=true, cssSelectorsEnabled=true, setWindowRect=true, unexpectedAlertBehaviour=}]
Session ID: 1bf3bf4d4bfd018e05033c1627009d5e">
      <![CDATA[org.openqa.selenium.WebDriverException: unknown error: Element <span id="project-selector" class="popover-trigger-element dropdown-toggle left" data-toggle="dropdown" style="padding-bottom:8px;" title="...">Auto_Regression</span> is not clickable at point (273, 36). Other element would receive the click: <div class="divMessageBox animated fadeIn fast" id="MsgBoxBack">...</div>
  (Session info: chrome=81.0.4044.138)
  (Driver info: chromedriver=2.36.540470 (e522d04694c7ebea4ba8821272dbef4f9b818c91),platform=Windows NT 10.0.17134 x86_64) (WARNING: The server did not provide any stacktrace information)
Command duration or timeout: 67 milliseconds
Build info: version: '3.4.0', revision: 'unknown', time: 'unknown'
System info: host: 'INLTP-SHILPIM', ip: '10.12.51.128', os.name: 'Windows 10', os.arch: 'amd64', os.version: '10.0', java.version: '1.8.0_181'
Driver info: org.openqa.selenium.chrome.ChromeDriver
Capabilities [{applicationCacheEnabled=false, rotatable=false, mobileEmulationEnabled=false, networkConnectionEnabled=false, chrome={chromedriverVersion=2.36.540470 (e522d04694c7ebea4ba8821272dbef4f9b818c91), userDataDir=C:\Users\smangal\AppData\Local\Temp\scoped_dir7580_15392}, takesHeapSnapshot=true, pageLoadStrategy=normal, databaseEnabled=false, handlesAlerts=true, hasTouchScreen=false, version=81.0.4044.138, platform=XP, browserConnectionEnabled=false, nativeEvents=true, acceptSslCerts=false, acceptInsecureCerts=false, locationContextEnabled=true, webStorageEnabled=true, browserName=chrome, takesScreenshot=true, javascriptEnabled=true, cssSelectorsEnabled=true, setWindowRect=true, unexpectedAlertBehaviour=}]
Session ID: 1bf3bf4d4bfd018e05033c1627009d5e
	at org.openqa.selenium.remote.ErrorHandler.createThrowable(ErrorHandler.java:215)
	at org.openqa.selenium.remote.ErrorHandler.throwIfResponseFailed(ErrorHandler.java:167)
	at org.openqa.selenium.remote.RemoteWebDriver.execute(RemoteWebDriver.java:671)
	at org.openqa.selenium.remote.RemoteWebElement.execute(RemoteWebElement.java:272)
	at org.openqa.selenium.remote.RemoteWebElement.click(RemoteWebElement.java:82)
	at automationLibrary.Element.waitAndClick(Element.java:242)
	at pageFactory.BaseClass.selectproject(BaseClass.java:193)
	at testScriptsSmoke.TS_004_BasicAndAdvancedSearchOperations.contentSearchWithOperatorsInBS(TS_004_BasicAndAdvancedSearchOperations.java:75)
... Removed 30 stack frames]]>
    </failure>
  </testcase> <!-- contentSearchWithOperatorsInBS -->
  <testcase name="metaDataSearch" time="194.136" classname="testScriptsSmoke.TS_004_BasicAndAdvancedSearchOperations">
    <failure type="java.lang.AssertionError" message="The following asserts failed:
	expected [1135] but found [121],
	expected [true] but found [false],
	expected [true] but found [false],
	expected [true] but found [false],
	expected [true] but found [false]">
      <![CDATA[java.lang.AssertionError: The following asserts failed:
	expected [1135] but found [121],
	expected [true] but found [false],
	expected [true] but found [false],
	expected [true] but found [false],
	expected [true] but found [false]
	at testScriptsSmoke.TS_004_BasicAndAdvancedSearchOperations.metaDataSearch(TS_004_BasicAndAdvancedSearchOperations.java:210)
... Removed 27 stack frames]]>
    </failure>
  </testcase> <!-- metaDataSearch -->
  <testcase name="searchsavedSearch" time="92.557" classname="testScriptsSmoke.TS_004_BasicAndAdvancedSearchOperations">
    <failure type="junit.framework.AssertionFailedError" message="expected:&amp;lt;9&amp;gt; but was:&amp;lt;52&amp;gt;">
      <![CDATA[junit.framework.AssertionFailedError: expected:<9> but was:<52>
	at junit.framework.Assert.fail(Assert.java:47)
	at junit.framework.Assert.failNotEquals(Assert.java:282)
	at junit.framework.Assert.assertEquals(Assert.java:64)
	at junit.framework.Assert.assertEquals(Assert.java:201)
	at junit.framework.Assert.assertEquals(Assert.java:207)
	at testScriptsSmoke.TS_004_BasicAndAdvancedSearchOperations.searchsavedSearch(TS_004_BasicAndAdvancedSearchOperations.java:231)
... Removed 26 stack frames]]>
    </failure>
  </testcase> <!-- searchsavedSearch -->
</testsuite> <!-- BasicAndAdvancedSearchOperations -->
