<?xml version="1.0" encoding="UTF-8"?>
<!-- Generated by org.testng.reporters.JUnitXMLReporter -->
<testsuite hostname="FRA-14L-10-SBAV" name="DocView - Non Audio(failed)" tests="3" failures="0" timestamp="11 Feb 2021 13:52:37 GMT" time="190.264" errors="0">
  <testcase name="@BeforeClass preCondition" time="0.0" classname="testScriptsSmoke.TS_011_DocViewNonAudioReviewer">
    <failure type="org.openqa.selenium.WebDriverException" message="unknown error: Element &amp;lt;button type=&amp;quot;button&amp;quot; value=&amp;quot;submit&amp;quot; name=&amp;quot;submit&amp;quot; class=&amp;quot;btn btn-primary btn-sm disabled&amp;quot; onclick=&amp;quot;return AssignDocuments(&amp;apos;BulkAssign&amp;apos;);&amp;quot; id=&amp;quot;btnAssignComplete&amp;quot;&amp;gt;...&amp;lt;/button&amp;gt; is not clickable at point (1260, 804). Other element would receive the click: &amp;lt;footer style=&amp;quot;background:#fff;&amp;quot;&amp;gt;...&amp;lt;/footer&amp;gt;
  (Session info: chrome=88.0.4324.104)
  (Driver info: chromedriver=2.36.540470 (e522d04694c7ebea4ba8821272dbef4f9b818c91),platform=Windows NT 10.0.19041 x86_64) (WARNING: The server did not provide any stacktrace information)
Command duration or timeout: 24 milliseconds
Build info: version: &amp;apos;3.4.0&amp;apos;, revision: &amp;apos;unknown&amp;apos;, time: &amp;apos;unknown&amp;apos;
System info: host: &amp;apos;FRA-14L-10-SBAV&amp;apos;, ip: &amp;apos;10.12.54.94&amp;apos;, os.name: &amp;apos;Windows 10&amp;apos;, os.arch: &amp;apos;amd64&amp;apos;, os.version: &amp;apos;10.0&amp;apos;, java.version: &amp;apos;1.8.0_271&amp;apos;
Driver info: org.openqa.selenium.chrome.ChromeDriver
Capabilities [{applicationCacheEnabled=false, rotatable=false, mobileEmulationEnabled=false, networkConnectionEnabled=false, chrome={chromedriverVersion=2.36.540470 (e522d04694c7ebea4ba8821272dbef4f9b818c91), userDataDir=C:\Users\SURESH~1.BAV\AppData\Local\Temp\scoped_dir19600_28770}, takesHeapSnapshot=true, pageLoadStrategy=normal, databaseEnabled=false, handlesAlerts=true, hasTouchScreen=false, version=88.0.4324.104, platform=XP, browserConnectionEnabled=false, nativeEvents=true, acceptSslCerts=false, acceptInsecureCerts=false, locationContextEnabled=true, webStorageEnabled=true, browserName=chrome, takesScreenshot=true, javascriptEnabled=true, cssSelectorsEnabled=true, setWindowRect=true, unexpectedAlertBehaviour=}]
Session ID: c6f4cdbf4f70175f387a5dbd050404d4">
      <![CDATA[org.openqa.selenium.WebDriverException: unknown error: Element <button type="button" value="submit" name="submit" class="btn btn-primary btn-sm disabled" onclick="return AssignDocuments('BulkAssign');" id="btnAssignComplete">...</button> is not clickable at point (1260, 804). Other element would receive the click: <footer style="background:#fff;">...</footer>
  (Session info: chrome=88.0.4324.104)
  (Driver info: chromedriver=2.36.540470 (e522d04694c7ebea4ba8821272dbef4f9b818c91),platform=Windows NT 10.0.19041 x86_64) (WARNING: The server did not provide any stacktrace information)
Command duration or timeout: 24 milliseconds
Build info: version: '3.4.0', revision: 'unknown', time: 'unknown'
System info: host: 'FRA-14L-10-SBAV', ip: '10.12.54.94', os.name: 'Windows 10', os.arch: 'amd64', os.version: '10.0', java.version: '1.8.0_271'
Driver info: org.openqa.selenium.chrome.ChromeDriver
Capabilities [{applicationCacheEnabled=false, rotatable=false, mobileEmulationEnabled=false, networkConnectionEnabled=false, chrome={chromedriverVersion=2.36.540470 (e522d04694c7ebea4ba8821272dbef4f9b818c91), userDataDir=C:\Users\SURESH~1.BAV\AppData\Local\Temp\scoped_dir19600_28770}, takesHeapSnapshot=true, pageLoadStrategy=normal, databaseEnabled=false, handlesAlerts=true, hasTouchScreen=false, version=88.0.4324.104, platform=XP, browserConnectionEnabled=false, nativeEvents=true, acceptSslCerts=false, acceptInsecureCerts=false, locationContextEnabled=true, webStorageEnabled=true, browserName=chrome, takesScreenshot=true, javascriptEnabled=true, cssSelectorsEnabled=true, setWindowRect=true, unexpectedAlertBehaviour=}]
Session ID: c6f4cdbf4f70175f387a5dbd050404d4
	at org.openqa.selenium.remote.ErrorHandler.createThrowable(ErrorHandler.java:215)
	at org.openqa.selenium.remote.ErrorHandler.throwIfResponseFailed(ErrorHandler.java:167)
	at org.openqa.selenium.remote.RemoteWebDriver.execute(RemoteWebDriver.java:671)
	at org.openqa.selenium.remote.RemoteWebElement.execute(RemoteWebElement.java:272)
	at org.openqa.selenium.remote.RemoteWebElement.click(RemoteWebElement.java:82)
	at automationLibrary.Element.waitAndClick(Element.java:257)
	at pageFactory.AssignmentsPage.assignDocstoExisting(AssignmentsPage.java:225)
	at testScriptsSmoke.TS_011_DocViewNonAudioReviewer.preCondition(TS_011_DocViewNonAudioReviewer.java:91)
... Removed 27 stack frames]]>
    </failure>
  </testcase> <!-- @BeforeClass preCondition -->
  <testcase name="addredaction" time="0.0" classname="testScriptsSmoke.TS_011_DocViewNonAudioReviewer">
    <skipped/>
  </testcase> <!-- addredaction -->
  <testcase name="addCommentandcompleteDoc" time="0.0" classname="testScriptsSmoke.TS_011_DocViewNonAudioReviewer">
    <skipped/>
  </testcase> <!-- addCommentandcompleteDoc -->
  <testcase name="addRemarkToFirstDoc" time="0.0" classname="testScriptsSmoke.TS_011_DocViewNonAudioReviewer">
    <skipped/>
  </testcase> <!-- addRemarkToFirstDoc -->
</testsuite> <!-- DocView - Non Audio(failed) -->
